{"/home/matthu/Documents/springboard/Exercises/node-pg-exercise/express-biztime/_test-common.js": {"path":"/home/matthu/Documents/springboard/Exercises/node-pg-exercise/express-biztime/_test-common.js","statementMap":{"0":{"start":{"line":3,"column":11},"end":{"line":3,"column":26}},"1":{"start":{"line":6,"column":2},"end":{"line":6,"column":41}},"2":{"start":{"line":7,"column":2},"end":{"line":7,"column":42}},"3":{"start":{"line":8,"column":2},"end":{"line":8,"column":43}},"4":{"start":{"line":9,"column":2},"end":{"line":9,"column":53}},"5":{"start":{"line":10,"column":2},"end":{"line":10,"column":63}},"6":{"start":{"line":13,"column":4},"end":{"line":15,"column":56}},"7":{"start":{"line":17,"column":19},"end":{"line":23,"column":3}},"8":{"start":{"line":25,"column":21},"end":{"line":31,"column":3}},"9":{"start":{"line":33,"column":31},"end":{"line":40,"column":3}},"10":{"start":{"line":43,"column":0},"end":{"line":43,"column":32}}},"fnMap":{"0":{"name":"createData","decl":{"start":{"line":5,"column":15},"end":{"line":5,"column":25}},"loc":{"start":{"line":5,"column":28},"end":{"line":41,"column":1}},"line":5}},"branchMap":{},"s":{"0":3,"1":23,"2":23,"3":23,"4":23,"5":23,"6":23,"7":23,"8":23,"9":23,"10":3},"f":{"0":23},"b":{},"_coverageSchema":"1a1c01bbd47fc00a2c39e90264f33305004495a9","hash":"d889f79625a2b534f35b7a8c15149722ccfe3831"}
,"/home/matthu/Documents/springboard/Exercises/node-pg-exercise/express-biztime/app.js": {"path":"/home/matthu/Documents/springboard/Exercises/node-pg-exercise/express-biztime/app.js","statementMap":{"0":{"start":{"line":2,"column":16},"end":{"line":2,"column":34}},"1":{"start":{"line":3,"column":12},"end":{"line":3,"column":21}},"2":{"start":{"line":4,"column":21},"end":{"line":4,"column":46}},"3":{"start":{"line":7,"column":0},"end":{"line":7,"column":24}},"4":{"start":{"line":9,"column":22},"end":{"line":9,"column":51}},"5":{"start":{"line":10,"column":22},"end":{"line":10,"column":50}},"6":{"start":{"line":11,"column":23},"end":{"line":11,"column":53}},"7":{"start":{"line":13,"column":0},"end":{"line":13,"column":37}},"8":{"start":{"line":14,"column":0},"end":{"line":14,"column":36}},"9":{"start":{"line":15,"column":0},"end":{"line":15,"column":39}},"10":{"start":{"line":19,"column":0},"end":{"line":22,"column":3}},"11":{"start":{"line":20,"column":14},"end":{"line":20,"column":48}},"12":{"start":{"line":21,"column":2},"end":{"line":21,"column":19}},"13":{"start":{"line":26,"column":0},"end":{"line":33,"column":3}},"14":{"start":{"line":27,"column":2},"end":{"line":27,"column":32}},"15":{"start":{"line":29,"column":2},"end":{"line":32,"column":5}},"16":{"start":{"line":35,"column":0},"end":{"line":35,"column":21}}},"fnMap":{"0":{"name":"(anonymous_0)","decl":{"start":{"line":19,"column":8},"end":{"line":19,"column":9}},"loc":{"start":{"line":19,"column":34},"end":{"line":22,"column":1}},"line":19},"1":{"name":"(anonymous_1)","decl":{"start":{"line":26,"column":8},"end":{"line":26,"column":9}},"loc":{"start":{"line":26,"column":33},"end":{"line":33,"column":1}},"line":26}},"branchMap":{"0":{"loc":{"start":{"line":27,"column":13},"end":{"line":27,"column":30}},"type":"binary-expr","locations":[{"start":{"line":27,"column":13},"end":{"line":27,"column":23}},{"start":{"line":27,"column":27},"end":{"line":27,"column":30}}],"line":27}},"s":{"0":3,"1":3,"2":3,"3":3,"4":3,"5":3,"6":3,"7":3,"8":3,"9":3,"10":3,"11":0,"12":0,"13":3,"14":10,"15":10,"16":3},"f":{"0":0,"1":10},"b":{"0":[10,4]},"_coverageSchema":"1a1c01bbd47fc00a2c39e90264f33305004495a9","hash":"6465dd3b4ff1f66e10f02dbb3c993cbabdae09f4"}
,"/home/matthu/Documents/springboard/Exercises/node-pg-exercise/express-biztime/db.js": {"path":"/home/matthu/Documents/springboard/Exercises/node-pg-exercise/express-biztime/db.js","statementMap":{"0":{"start":{"line":3,"column":19},"end":{"line":3,"column":32}},"1":{"start":{"line":7,"column":0},"end":{"line":11,"column":1}},"2":{"start":{"line":8,"column":2},"end":{"line":8,"column":40}},"3":{"start":{"line":10,"column":2},"end":{"line":10,"column":35}},"4":{"start":{"line":13,"column":9},"end":{"line":15,"column":2}},"5":{"start":{"line":17,"column":0},"end":{"line":17,"column":13}},"6":{"start":{"line":19,"column":0},"end":{"line":19,"column":20}}},"fnMap":{},"branchMap":{"0":{"loc":{"start":{"line":7,"column":0},"end":{"line":11,"column":1}},"type":"if","locations":[{"start":{"line":7,"column":0},"end":{"line":11,"column":1}},{"start":{"line":9,"column":7},"end":{"line":11,"column":1}}],"line":7}},"s":{"0":3,"1":3,"2":3,"3":0,"4":3,"5":3,"6":3},"f":{},"b":{"0":[3,0]},"_coverageSchema":"1a1c01bbd47fc00a2c39e90264f33305004495a9","hash":"fd785fceb698069d23b000b38cb85eb65781d11a"}
,"/home/matthu/Documents/springboard/Exercises/node-pg-exercise/express-biztime/expressError.js": {"path":"/home/matthu/Documents/springboard/Exercises/node-pg-exercise/express-biztime/expressError.js","statementMap":{"0":{"start":{"line":9,"column":4},"end":{"line":9,"column":12}},"1":{"start":{"line":10,"column":4},"end":{"line":10,"column":27}},"2":{"start":{"line":11,"column":4},"end":{"line":11,"column":25}},"3":{"start":{"line":12,"column":4},"end":{"line":12,"column":30}},"4":{"start":{"line":17,"column":0},"end":{"line":17,"column":30}}},"fnMap":{"0":{"name":"(anonymous_0)","decl":{"start":{"line":8,"column":2},"end":{"line":8,"column":3}},"loc":{"start":{"line":8,"column":31},"end":{"line":13,"column":3}},"line":8}},"branchMap":{},"s":{"0":6,"1":6,"2":6,"3":6,"4":3},"f":{"0":6},"b":{},"_coverageSchema":"1a1c01bbd47fc00a2c39e90264f33305004495a9","hash":"1f42160ca7e1a6f482d96efca932503b92ecd210"}
,"/home/matthu/Documents/springboard/Exercises/node-pg-exercise/express-biztime/routes/companies.js": {"path":"/home/matthu/Documents/springboard/Exercises/node-pg-exercise/express-biztime/routes/companies.js","statementMap":{"0":{"start":{"line":1,"column":16},"end":{"line":1,"column":34}},"1":{"start":{"line":2,"column":21},"end":{"line":2,"column":47}},"2":{"start":{"line":3,"column":15},"end":{"line":3,"column":35}},"3":{"start":{"line":4,"column":11},"end":{"line":4,"column":27}},"4":{"start":{"line":5,"column":16},"end":{"line":5,"column":34}},"5":{"start":{"line":8,"column":0},"end":{"line":17,"column":3}},"6":{"start":{"line":9,"column":2},"end":{"line":16,"column":3}},"7":{"start":{"line":10,"column":19},"end":{"line":12,"column":5}},"8":{"start":{"line":13,"column":4},"end":{"line":13,"column":48}},"9":{"start":{"line":15,"column":4},"end":{"line":15,"column":19}},"10":{"start":{"line":20,"column":0},"end":{"line":66,"column":3}},"11":{"start":{"line":21,"column":2},"end":{"line":65,"column":3}},"12":{"start":{"line":22,"column":21},"end":{"line":22,"column":31}},"13":{"start":{"line":24,"column":22},"end":{"line":29,"column":5}},"14":{"start":{"line":31,"column":21},"end":{"line":36,"column":5}},"15":{"start":{"line":38,"column":21},"end":{"line":44,"column":5}},"16":{"start":{"line":46,"column":4},"end":{"line":50,"column":7}},"17":{"start":{"line":52,"column":4},"end":{"line":54,"column":5}},"18":{"start":{"line":53,"column":6},"end":{"line":53,"column":79}},"19":{"start":{"line":55,"column":20},"end":{"line":55,"column":38}},"20":{"start":{"line":56,"column":21},"end":{"line":56,"column":56}},"21":{"start":{"line":56,"column":49},"end":{"line":56,"column":55}},"22":{"start":{"line":57,"column":23},"end":{"line":57,"column":60}},"23":{"start":{"line":57,"column":51},"end":{"line":57,"column":59}},"24":{"start":{"line":59,"column":4},"end":{"line":59,"column":32}},"25":{"start":{"line":60,"column":4},"end":{"line":60,"column":36}},"26":{"start":{"line":62,"column":4},"end":{"line":62,"column":42}},"27":{"start":{"line":64,"column":4},"end":{"line":64,"column":19}},"28":{"start":{"line":69,"column":0},"end":{"line":84,"column":3}},"29":{"start":{"line":70,"column":2},"end":{"line":83,"column":3}},"30":{"start":{"line":71,"column":34},"end":{"line":71,"column":42}},"31":{"start":{"line":72,"column":17},"end":{"line":72,"column":65}},"32":{"start":{"line":74,"column":19},"end":{"line":79,"column":5}},"33":{"start":{"line":80,"column":4},"end":{"line":80,"column":61}},"34":{"start":{"line":82,"column":4},"end":{"line":82,"column":19}},"35":{"start":{"line":87,"column":0},"end":{"line":108,"column":3}},"36":{"start":{"line":88,"column":2},"end":{"line":107,"column":3}},"37":{"start":{"line":89,"column":21},"end":{"line":89,"column":31}},"38":{"start":{"line":90,"column":34},"end":{"line":90,"column":42}},"39":{"start":{"line":92,"column":19},"end":{"line":98,"column":5}},"40":{"start":{"line":100,"column":4},"end":{"line":102,"column":5}},"41":{"start":{"line":101,"column":6},"end":{"line":101,"column":78}},"42":{"start":{"line":104,"column":4},"end":{"line":104,"column":49}},"43":{"start":{"line":106,"column":4},"end":{"line":106,"column":12}},"44":{"start":{"line":111,"column":0},"end":{"line":129,"column":3}},"45":{"start":{"line":112,"column":2},"end":{"line":128,"column":3}},"46":{"start":{"line":113,"column":21},"end":{"line":113,"column":31}},"47":{"start":{"line":115,"column":19},"end":{"line":120,"column":5}},"48":{"start":{"line":122,"column":4},"end":{"line":124,"column":5}},"49":{"start":{"line":123,"column":6},"end":{"line":123,"column":79}},"50":{"start":{"line":125,"column":4},"end":{"line":125,"column":43}},"51":{"start":{"line":127,"column":4},"end":{"line":127,"column":12}},"52":{"start":{"line":131,"column":0},"end":{"line":131,"column":24}}},"fnMap":{"0":{"name":"(anonymous_0)","decl":{"start":{"line":8,"column":16},"end":{"line":8,"column":17}},"loc":{"start":{"line":8,"column":42},"end":{"line":17,"column":1}},"line":8},"1":{"name":"(anonymous_1)","decl":{"start":{"line":20,"column":21},"end":{"line":20,"column":22}},"loc":{"start":{"line":20,"column":47},"end":{"line":66,"column":1}},"line":20},"2":{"name":"(anonymous_2)","decl":{"start":{"line":56,"column":40},"end":{"line":56,"column":41}},"loc":{"start":{"line":56,"column":49},"end":{"line":56,"column":55}},"line":56},"3":{"name":"(anonymous_3)","decl":{"start":{"line":57,"column":42},"end":{"line":57,"column":43}},"loc":{"start":{"line":57,"column":51},"end":{"line":57,"column":59}},"line":57},"4":{"name":"(anonymous_4)","decl":{"start":{"line":69,"column":17},"end":{"line":69,"column":18}},"loc":{"start":{"line":69,"column":43},"end":{"line":84,"column":1}},"line":69},"5":{"name":"(anonymous_5)","decl":{"start":{"line":87,"column":21},"end":{"line":87,"column":22}},"loc":{"start":{"line":87,"column":47},"end":{"line":108,"column":1}},"line":87},"6":{"name":"(anonymous_6)","decl":{"start":{"line":111,"column":24},"end":{"line":111,"column":25}},"loc":{"start":{"line":111,"column":50},"end":{"line":129,"column":1}},"line":111}},"branchMap":{"0":{"loc":{"start":{"line":52,"column":4},"end":{"line":54,"column":5}},"type":"if","locations":[{"start":{"line":52,"column":4},"end":{"line":54,"column":5}},{"start":{},"end":{}}],"line":52},"1":{"loc":{"start":{"line":100,"column":4},"end":{"line":102,"column":5}},"type":"if","locations":[{"start":{"line":100,"column":4},"end":{"line":102,"column":5}},{"start":{},"end":{}}],"line":100},"2":{"loc":{"start":{"line":122,"column":4},"end":{"line":124,"column":5}},"type":"if","locations":[{"start":{"line":122,"column":4},"end":{"line":124,"column":5}},{"start":{},"end":{}}],"line":122}},"s":{"0":3,"1":3,"2":3,"3":3,"4":3,"5":3,"6":1,"7":1,"8":1,"9":0,"10":3,"11":2,"12":2,"13":2,"14":2,"15":2,"16":2,"17":2,"18":1,"19":1,"20":1,"21":2,"22":1,"23":3,"24":1,"25":1,"26":1,"27":1,"28":3,"29":1,"30":1,"31":1,"32":1,"33":1,"34":0,"35":3,"36":3,"37":3,"38":3,"39":3,"40":2,"41":1,"42":1,"43":2,"44":3,"45":2,"46":2,"47":2,"48":2,"49":1,"50":1,"51":1,"52":3},"f":{"0":1,"1":2,"2":2,"3":3,"4":1,"5":3,"6":2},"b":{"0":[1,1],"1":[1,1],"2":[1,1]},"_coverageSchema":"1a1c01bbd47fc00a2c39e90264f33305004495a9","hash":"1241f3f774c6892fb0af1319c0f3cca6cbd36df1"}
,"/home/matthu/Documents/springboard/Exercises/node-pg-exercise/express-biztime/routes/industries.js": {"path":"/home/matthu/Documents/springboard/Exercises/node-pg-exercise/express-biztime/routes/industries.js","statementMap":{"0":{"start":{"line":1,"column":16},"end":{"line":1,"column":34}},"1":{"start":{"line":2,"column":21},"end":{"line":2,"column":47}},"2":{"start":{"line":3,"column":15},"end":{"line":3,"column":35}},"3":{"start":{"line":4,"column":11},"end":{"line":4,"column":27}},"4":{"start":{"line":7,"column":0},"end":{"line":34,"column":3}},"5":{"start":{"line":8,"column":2},"end":{"line":33,"column":3}},"6":{"start":{"line":9,"column":22},"end":{"line":11,"column":5}},"7":{"start":{"line":13,"column":26},"end":{"line":15,"column":5}},"8":{"start":{"line":17,"column":23},"end":{"line":17,"column":37}},"9":{"start":{"line":19,"column":21},"end":{"line":19,"column":39}},"10":{"start":{"line":21,"column":4},"end":{"line":28,"column":7}},"11":{"start":{"line":22,"column":6},"end":{"line":22,"column":27}},"12":{"start":{"line":23,"column":6},"end":{"line":27,"column":7}},"13":{"start":{"line":24,"column":8},"end":{"line":26,"column":9}},"14":{"start":{"line":25,"column":10},"end":{"line":25,"column":52}},"15":{"start":{"line":30,"column":4},"end":{"line":30,"column":48}},"16":{"start":{"line":32,"column":4},"end":{"line":32,"column":19}},"17":{"start":{"line":37,"column":0},"end":{"line":49,"column":3}},"18":{"start":{"line":38,"column":2},"end":{"line":48,"column":3}},"19":{"start":{"line":39,"column":27},"end":{"line":39,"column":35}},"20":{"start":{"line":40,"column":19},"end":{"line":43,"column":5}},"21":{"start":{"line":45,"column":4},"end":{"line":45,"column":62}},"22":{"start":{"line":47,"column":4},"end":{"line":47,"column":19}},"23":{"start":{"line":52,"column":0},"end":{"line":67,"column":3}},"24":{"start":{"line":53,"column":2},"end":{"line":66,"column":3}},"25":{"start":{"line":54,"column":44},"end":{"line":54,"column":52}},"26":{"start":{"line":56,"column":19},"end":{"line":61,"column":5}},"27":{"start":{"line":63,"column":4},"end":{"line":63,"column":70}},"28":{"start":{"line":65,"column":4},"end":{"line":65,"column":19}},"29":{"start":{"line":69,"column":0},"end":{"line":69,"column":24}}},"fnMap":{"0":{"name":"(anonymous_0)","decl":{"start":{"line":7,"column":16},"end":{"line":7,"column":17}},"loc":{"start":{"line":7,"column":42},"end":{"line":34,"column":1}},"line":7},"1":{"name":"(anonymous_1)","decl":{"start":{"line":21,"column":19},"end":{"line":21,"column":20}},"loc":{"start":{"line":21,"column":26},"end":{"line":28,"column":5}},"line":21},"2":{"name":"(anonymous_2)","decl":{"start":{"line":37,"column":17},"end":{"line":37,"column":18}},"loc":{"start":{"line":37,"column":43},"end":{"line":49,"column":1}},"line":37},"3":{"name":"(anonymous_3)","decl":{"start":{"line":52,"column":24},"end":{"line":52,"column":25}},"loc":{"start":{"line":52,"column":50},"end":{"line":67,"column":1}},"line":52}},"branchMap":{"0":{"loc":{"start":{"line":24,"column":8},"end":{"line":26,"column":9}},"type":"if","locations":[{"start":{"line":24,"column":8},"end":{"line":26,"column":9}},{"start":{},"end":{}}],"line":24}},"s":{"0":3,"1":3,"2":3,"3":3,"4":3,"5":1,"6":1,"7":1,"8":1,"9":1,"10":1,"11":3,"12":3,"13":15,"14":5,"15":1,"16":0,"17":3,"18":2,"19":2,"20":2,"21":1,"22":1,"23":3,"24":2,"25":2,"26":2,"27":1,"28":1,"29":3},"f":{"0":1,"1":3,"2":2,"3":2},"b":{"0":[5,10]},"_coverageSchema":"1a1c01bbd47fc00a2c39e90264f33305004495a9","hash":"e1dbe51bd4f529807e4ac37297abf67fd7e84d6b"}
,"/home/matthu/Documents/springboard/Exercises/node-pg-exercise/express-biztime/routes/invoices.js": {"path":"/home/matthu/Documents/springboard/Exercises/node-pg-exercise/express-biztime/routes/invoices.js","statementMap":{"0":{"start":{"line":1,"column":16},"end":{"line":1,"column":34}},"1":{"start":{"line":2,"column":21},"end":{"line":2,"column":47}},"2":{"start":{"line":3,"column":11},"end":{"line":3,"column":27}},"3":{"start":{"line":5,"column":15},"end":{"line":5,"column":35}},"4":{"start":{"line":8,"column":0},"end":{"line":20,"column":3}},"5":{"start":{"line":9,"column":2},"end":{"line":19,"column":3}},"6":{"start":{"line":10,"column":19},"end":{"line":14,"column":5}},"7":{"start":{"line":16,"column":4},"end":{"line":16,"column":47}},"8":{"start":{"line":18,"column":4},"end":{"line":18,"column":12}},"9":{"start":{"line":23,"column":0},"end":{"line":56,"column":3}},"10":{"start":{"line":24,"column":2},"end":{"line":55,"column":3}},"11":{"start":{"line":25,"column":17},"end":{"line":25,"column":27}},"12":{"start":{"line":26,"column":19},"end":{"line":32,"column":5}},"13":{"start":{"line":33,"column":4},"end":{"line":35,"column":5}},"14":{"start":{"line":34,"column":6},"end":{"line":34,"column":74}},"15":{"start":{"line":37,"column":17},"end":{"line":37,"column":31}},"16":{"start":{"line":39,"column":20},"end":{"line":50,"column":5}},"17":{"start":{"line":52,"column":4},"end":{"line":52,"column":42}},"18":{"start":{"line":54,"column":4},"end":{"line":54,"column":19}},"19":{"start":{"line":59,"column":0},"end":{"line":73,"column":3}},"20":{"start":{"line":60,"column":2},"end":{"line":72,"column":3}},"21":{"start":{"line":61,"column":31},"end":{"line":61,"column":39}},"22":{"start":{"line":62,"column":19},"end":{"line":67,"column":5}},"23":{"start":{"line":69,"column":4},"end":{"line":69,"column":61}},"24":{"start":{"line":71,"column":4},"end":{"line":71,"column":19}},"25":{"start":{"line":76,"column":0},"end":{"line":116,"column":3}},"26":{"start":{"line":77,"column":2},"end":{"line":115,"column":3}},"27":{"start":{"line":78,"column":19},"end":{"line":78,"column":29}},"28":{"start":{"line":79,"column":26},"end":{"line":79,"column":34}},"29":{"start":{"line":80,"column":19},"end":{"line":80,"column":23}},"30":{"start":{"line":83,"column":23},"end":{"line":86,"column":5}},"31":{"start":{"line":88,"column":4},"end":{"line":90,"column":5}},"32":{"start":{"line":89,"column":6},"end":{"line":89,"column":62}},"33":{"start":{"line":92,"column":25},"end":{"line":92,"column":53}},"34":{"start":{"line":95,"column":4},"end":{"line":104,"column":5}},"35":{"start":{"line":97,"column":6},"end":{"line":97,"column":28}},"36":{"start":{"line":98,"column":11},"end":{"line":104,"column":5}},"37":{"start":{"line":100,"column":6},"end":{"line":100,"column":22}},"38":{"start":{"line":103,"column":6},"end":{"line":103,"column":30}},"39":{"start":{"line":107,"column":19},"end":{"line":110,"column":5}},"40":{"start":{"line":112,"column":4},"end":{"line":112,"column":49}},"41":{"start":{"line":114,"column":4},"end":{"line":114,"column":12}},"42":{"start":{"line":119,"column":0},"end":{"line":137,"column":3}},"43":{"start":{"line":120,"column":2},"end":{"line":136,"column":3}},"44":{"start":{"line":121,"column":19},"end":{"line":121,"column":29}},"45":{"start":{"line":122,"column":19},"end":{"line":127,"column":5}},"46":{"start":{"line":129,"column":4},"end":{"line":131,"column":5}},"47":{"start":{"line":130,"column":6},"end":{"line":130,"column":75}},"48":{"start":{"line":133,"column":4},"end":{"line":133,"column":43}},"49":{"start":{"line":135,"column":4},"end":{"line":135,"column":12}},"50":{"start":{"line":139,"column":0},"end":{"line":139,"column":24}}},"fnMap":{"0":{"name":"(anonymous_0)","decl":{"start":{"line":8,"column":16},"end":{"line":8,"column":17}},"loc":{"start":{"line":8,"column":42},"end":{"line":20,"column":1}},"line":8},"1":{"name":"(anonymous_1)","decl":{"start":{"line":23,"column":19},"end":{"line":23,"column":20}},"loc":{"start":{"line":23,"column":45},"end":{"line":56,"column":1}},"line":23},"2":{"name":"(anonymous_2)","decl":{"start":{"line":59,"column":17},"end":{"line":59,"column":18}},"loc":{"start":{"line":59,"column":43},"end":{"line":73,"column":1}},"line":59},"3":{"name":"(anonymous_3)","decl":{"start":{"line":76,"column":19},"end":{"line":76,"column":20}},"loc":{"start":{"line":76,"column":45},"end":{"line":116,"column":1}},"line":76},"4":{"name":"(anonymous_4)","decl":{"start":{"line":119,"column":22},"end":{"line":119,"column":23}},"loc":{"start":{"line":119,"column":48},"end":{"line":137,"column":1}},"line":119}},"branchMap":{"0":{"loc":{"start":{"line":33,"column":4},"end":{"line":35,"column":5}},"type":"if","locations":[{"start":{"line":33,"column":4},"end":{"line":35,"column":5}},{"start":{},"end":{}}],"line":33},"1":{"loc":{"start":{"line":88,"column":4},"end":{"line":90,"column":5}},"type":"if","locations":[{"start":{"line":88,"column":4},"end":{"line":90,"column":5}},{"start":{},"end":{}}],"line":88},"2":{"loc":{"start":{"line":95,"column":4},"end":{"line":104,"column":5}},"type":"if","locations":[{"start":{"line":95,"column":4},"end":{"line":104,"column":5}},{"start":{"line":98,"column":11},"end":{"line":104,"column":5}}],"line":95},"3":{"loc":{"start":{"line":95,"column":8},"end":{"line":95,"column":29}},"type":"binary-expr","locations":[{"start":{"line":95,"column":8},"end":{"line":95,"column":21}},{"start":{"line":95,"column":25},"end":{"line":95,"column":29}}],"line":95},"4":{"loc":{"start":{"line":98,"column":11},"end":{"line":104,"column":5}},"type":"if","locations":[{"start":{"line":98,"column":11},"end":{"line":104,"column":5}},{"start":{"line":101,"column":11},"end":{"line":104,"column":5}}],"line":98},"5":{"loc":{"start":{"line":129,"column":4},"end":{"line":131,"column":5}},"type":"if","locations":[{"start":{"line":129,"column":4},"end":{"line":131,"column":5}},{"start":{},"end":{}}],"line":129}},"s":{"0":3,"1":3,"2":3,"3":3,"4":3,"5":1,"6":1,"7":1,"8":0,"9":3,"10":2,"11":2,"12":2,"13":2,"14":1,"15":1,"16":1,"17":1,"18":1,"19":3,"20":1,"21":1,"22":1,"23":1,"24":0,"25":3,"26":3,"27":3,"28":3,"29":3,"30":3,"31":3,"32":1,"33":2,"34":2,"35":0,"36":2,"37":2,"38":0,"39":2,"40":1,"41":2,"42":3,"43":2,"44":2,"45":2,"46":2,"47":1,"48":1,"49":1,"50":3},"f":{"0":1,"1":2,"2":1,"3":3,"4":2},"b":{"0":[1,1],"1":[1,2],"2":[0,2],"3":[2,2],"4":[2,0],"5":[1,1]},"_coverageSchema":"1a1c01bbd47fc00a2c39e90264f33305004495a9","hash":"7b1c5e2e38a3de6f3959cc6df4975c42da98e44d"}
}
