TN:
SF:_test-common.js
FN:5,createData
FNF:1
FNH:1
FNDA:23,createData
DA:3,3
DA:6,23
DA:7,23
DA:8,23
DA:9,23
DA:10,23
DA:13,23
DA:17,23
DA:25,23
DA:33,23
DA:43,3
LF:11
LH:11
BRF:0
BRH:0
end_of_record
TN:
SF:app.js
FN:19,(anonymous_0)
FN:26,(anonymous_1)
FNF:2
FNH:1
FNDA:0,(anonymous_0)
FNDA:10,(anonymous_1)
DA:2,3
DA:3,3
DA:4,3
DA:7,3
DA:9,3
DA:10,3
DA:11,3
DA:13,3
DA:14,3
DA:15,3
DA:19,3
DA:20,0
DA:21,0
DA:26,3
DA:27,10
DA:29,10
DA:35,3
LF:17
LH:15
BRDA:27,0,0,10
BRDA:27,0,1,4
BRF:2
BRH:2
end_of_record
TN:
SF:db.js
FNF:0
FNH:0
DA:3,3
DA:7,3
DA:8,3
DA:10,0
DA:13,3
DA:17,3
DA:19,3
LF:7
LH:6
BRDA:7,0,0,3
BRDA:7,0,1,0
BRF:2
BRH:1
end_of_record
TN:
SF:expressError.js
FN:8,(anonymous_0)
FNF:1
FNH:1
FNDA:6,(anonymous_0)
DA:9,6
DA:10,6
DA:11,6
DA:12,6
DA:17,3
LF:5
LH:5
BRF:0
BRH:0
end_of_record
TN:
SF:routes/companies.js
FN:8,(anonymous_0)
FN:20,(anonymous_1)
FN:56,(anonymous_2)
FN:57,(anonymous_3)
FN:69,(anonymous_4)
FN:87,(anonymous_5)
FN:111,(anonymous_6)
FNF:7
FNH:7
FNDA:1,(anonymous_0)
FNDA:2,(anonymous_1)
FNDA:2,(anonymous_2)
FNDA:3,(anonymous_3)
FNDA:1,(anonymous_4)
FNDA:3,(anonymous_5)
FNDA:2,(anonymous_6)
DA:1,3
DA:2,3
DA:3,3
DA:4,3
DA:5,3
DA:8,3
DA:9,1
DA:10,1
DA:13,1
DA:15,0
DA:20,3
DA:21,2
DA:22,2
DA:24,2
DA:31,2
DA:38,2
DA:46,2
DA:52,2
DA:53,1
DA:55,1
DA:56,2
DA:57,3
DA:59,1
DA:60,1
DA:62,1
DA:64,1
DA:69,3
DA:70,1
DA:71,1
DA:72,1
DA:74,1
DA:80,1
DA:82,0
DA:87,3
DA:88,3
DA:89,3
DA:90,3
DA:92,3
DA:100,2
DA:101,1
DA:104,1
DA:106,2
DA:111,3
DA:112,2
DA:113,2
DA:115,2
DA:122,2
DA:123,1
DA:125,1
DA:127,1
DA:131,3
LF:51
LH:49
BRDA:52,0,0,1
BRDA:52,0,1,1
BRDA:100,1,0,1
BRDA:100,1,1,1
BRDA:122,2,0,1
BRDA:122,2,1,1
BRF:6
BRH:6
end_of_record
TN:
SF:routes/industries.js
FN:7,(anonymous_0)
FN:21,(anonymous_1)
FN:37,(anonymous_2)
FN:52,(anonymous_3)
FNF:4
FNH:4
FNDA:1,(anonymous_0)
FNDA:3,(anonymous_1)
FNDA:2,(anonymous_2)
FNDA:2,(anonymous_3)
DA:1,3
DA:2,3
DA:3,3
DA:4,3
DA:7,3
DA:8,1
DA:9,1
DA:13,1
DA:17,1
DA:19,1
DA:21,1
DA:22,3
DA:23,3
DA:24,15
DA:25,5
DA:30,1
DA:32,0
DA:37,3
DA:38,2
DA:39,2
DA:40,2
DA:45,1
DA:47,1
DA:52,3
DA:53,2
DA:54,2
DA:56,2
DA:63,1
DA:65,1
DA:69,3
LF:30
LH:29
BRDA:24,0,0,5
BRDA:24,0,1,10
BRF:2
BRH:2
end_of_record
TN:
SF:routes/invoices.js
FN:8,(anonymous_0)
FN:23,(anonymous_1)
FN:59,(anonymous_2)
FN:76,(anonymous_3)
FN:119,(anonymous_4)
FNF:5
FNH:5
FNDA:1,(anonymous_0)
FNDA:2,(anonymous_1)
FNDA:1,(anonymous_2)
FNDA:3,(anonymous_3)
FNDA:2,(anonymous_4)
DA:1,3
DA:2,3
DA:3,3
DA:5,3
DA:8,3
DA:9,1
DA:10,1
DA:16,1
DA:18,0
DA:23,3
DA:24,2
DA:25,2
DA:26,2
DA:33,2
DA:34,1
DA:37,1
DA:39,1
DA:52,1
DA:54,1
DA:59,3
DA:60,1
DA:61,1
DA:62,1
DA:69,1
DA:71,0
DA:76,3
DA:77,3
DA:78,3
DA:79,3
DA:80,3
DA:83,3
DA:88,3
DA:89,1
DA:92,2
DA:95,2
DA:97,0
DA:98,2
DA:100,2
DA:103,0
DA:107,2
DA:112,1
DA:114,2
DA:119,3
DA:120,2
DA:121,2
DA:122,2
DA:129,2
DA:130,1
DA:133,1
DA:135,1
DA:139,3
LF:51
LH:47
BRDA:33,0,0,1
BRDA:33,0,1,1
BRDA:88,1,0,1
BRDA:88,1,1,2
BRDA:95,2,0,0
BRDA:95,2,1,2
BRDA:95,3,0,2
BRDA:95,3,1,2
BRDA:98,4,0,2
BRDA:98,4,1,0
BRDA:129,5,0,1
BRDA:129,5,1,1
BRF:12
BRH:10
end_of_record
