{"/home/matthu/Documents/springboard/Exercises/express-jobly/app.js": {"path":"/home/matthu/Documents/springboard/Exercises/express-jobly/app.js","statementMap":{"0":{"start":{"line":5,"column":16},"end":{"line":5,"column":34}},"1":{"start":{"line":6,"column":13},"end":{"line":6,"column":28}},"2":{"start":{"line":8,"column":26},"end":{"line":8,"column":51}},"3":{"start":{"line":10,"column":28},"end":{"line":10,"column":56}},"4":{"start":{"line":11,"column":19},"end":{"line":11,"column":43}},"5":{"start":{"line":12,"column":24},"end":{"line":12,"column":53}},"6":{"start":{"line":13,"column":20},"end":{"line":13,"column":45}},"7":{"start":{"line":14,"column":19},"end":{"line":14,"column":43}},"8":{"start":{"line":16,"column":15},"end":{"line":16,"column":32}},"9":{"start":{"line":18,"column":12},"end":{"line":18,"column":21}},"10":{"start":{"line":20,"column":0},"end":{"line":20,"column":16}},"11":{"start":{"line":21,"column":0},"end":{"line":21,"column":24}},"12":{"start":{"line":22,"column":0},"end":{"line":22,"column":24}},"13":{"start":{"line":23,"column":0},"end":{"line":23,"column":25}},"14":{"start":{"line":25,"column":0},"end":{"line":25,"column":29}},"15":{"start":{"line":26,"column":0},"end":{"line":26,"column":39}},"16":{"start":{"line":27,"column":0},"end":{"line":27,"column":31}},"17":{"start":{"line":28,"column":0},"end":{"line":28,"column":29}},"18":{"start":{"line":31,"column":0},"end":{"line":33,"column":3}},"19":{"start":{"line":32,"column":2},"end":{"line":32,"column":35}},"20":{"start":{"line":36,"column":0},"end":{"line":44,"column":3}},"21":{"start":{"line":37,"column":2},"end":{"line":37,"column":64}},"22":{"start":{"line":37,"column":39},"end":{"line":37,"column":64}},"23":{"start":{"line":38,"column":17},"end":{"line":38,"column":34}},"24":{"start":{"line":39,"column":18},"end":{"line":39,"column":29}},"25":{"start":{"line":41,"column":2},"end":{"line":43,"column":5}},"26":{"start":{"line":46,"column":0},"end":{"line":46,"column":21}}},"fnMap":{"0":{"name":"(anonymous_0)","decl":{"start":{"line":31,"column":8},"end":{"line":31,"column":9}},"loc":{"start":{"line":31,"column":34},"end":{"line":33,"column":1}},"line":31},"1":{"name":"(anonymous_1)","decl":{"start":{"line":36,"column":8},"end":{"line":36,"column":9}},"loc":{"start":{"line":36,"column":39},"end":{"line":44,"column":1}},"line":36}},"branchMap":{"0":{"loc":{"start":{"line":37,"column":2},"end":{"line":37,"column":64}},"type":"if","locations":[{"start":{"line":37,"column":2},"end":{"line":37,"column":64}},{"start":{},"end":{}}],"line":37},"1":{"loc":{"start":{"line":38,"column":17},"end":{"line":38,"column":34}},"type":"binary-expr","locations":[{"start":{"line":38,"column":17},"end":{"line":38,"column":27}},{"start":{"line":38,"column":31},"end":{"line":38,"column":34}}],"line":38}},"s":{"0":5,"1":5,"2":5,"3":5,"4":5,"5":5,"6":5,"7":5,"8":5,"9":5,"10":5,"11":5,"12":5,"13":5,"14":5,"15":5,"16":5,"17":5,"18":5,"19":2,"20":5,"21":57,"22":1,"23":57,"24":57,"25":57,"26":5},"f":{"0":2,"1":57},"b":{"0":[1,56],"1":[57,3]},"_coverageSchema":"1a1c01bbd47fc00a2c39e90264f33305004495a9","hash":"325c32022d5f14185f2828b71da74b7de96cec72"}
,"/home/matthu/Documents/springboard/Exercises/express-jobly/config.js": {"path":"/home/matthu/Documents/springboard/Exercises/express-jobly/config.js","statementMap":{"0":{"start":{"line":5,"column":0},"end":{"line":5,"column":27}},"1":{"start":{"line":6,"column":0},"end":{"line":6,"column":18}},"2":{"start":{"line":8,"column":19},"end":{"line":8,"column":57}},"3":{"start":{"line":10,"column":13},"end":{"line":10,"column":38}},"4":{"start":{"line":14,"column":2},"end":{"line":16,"column":44}},"5":{"start":{"line":22,"column":27},"end":{"line":22,"column":67}},"6":{"start":{"line":24,"column":0},"end":{"line":24,"column":35}},"7":{"start":{"line":25,"column":0},"end":{"line":25,"column":46}},"8":{"start":{"line":26,"column":0},"end":{"line":26,"column":45}},"9":{"start":{"line":27,"column":0},"end":{"line":27,"column":61}},"10":{"start":{"line":28,"column":0},"end":{"line":28,"column":50}},"11":{"start":{"line":29,"column":0},"end":{"line":29,"column":19}},"12":{"start":{"line":31,"column":0},"end":{"line":36,"column":2}}},"fnMap":{"0":{"name":"getDatabaseUri","decl":{"start":{"line":13,"column":9},"end":{"line":13,"column":23}},"loc":{"start":{"line":13,"column":26},"end":{"line":17,"column":1}},"line":13}},"branchMap":{"0":{"loc":{"start":{"line":8,"column":19},"end":{"line":8,"column":57}},"type":"binary-expr","locations":[{"start":{"line":8,"column":19},"end":{"line":8,"column":41}},{"start":{"line":8,"column":45},"end":{"line":8,"column":57}}],"line":8},"1":{"loc":{"start":{"line":10,"column":13},"end":{"line":10,"column":38}},"type":"binary-expr","locations":[{"start":{"line":10,"column":13},"end":{"line":10,"column":30}},{"start":{"line":10,"column":34},"end":{"line":10,"column":38}}],"line":10},"2":{"loc":{"start":{"line":14,"column":9},"end":{"line":16,"column":43}},"type":"cond-expr","locations":[{"start":{"line":15,"column":8},"end":{"line":15,"column":20}},{"start":{"line":16,"column":8},"end":{"line":16,"column":43}}],"line":14},"3":{"loc":{"start":{"line":16,"column":8},"end":{"line":16,"column":43}},"type":"binary-expr","locations":[{"start":{"line":16,"column":8},"end":{"line":16,"column":32}},{"start":{"line":16,"column":36},"end":{"line":16,"column":43}}],"line":16},"4":{"loc":{"start":{"line":22,"column":27},"end":{"line":22,"column":67}},"type":"cond-expr","locations":[{"start":{"line":22,"column":61},"end":{"line":22,"column":62}},{"start":{"line":22,"column":65},"end":{"line":22,"column":67}}],"line":22}},"s":{"0":11,"1":11,"2":11,"3":11,"4":22,"5":11,"6":11,"7":11,"8":11,"9":11,"10":11,"11":11,"12":11},"f":{"0":22},"b":{"0":[11,10],"1":[11,10],"2":[19,3],"3":[3,1],"4":[10,1]},"_coverageSchema":"1a1c01bbd47fc00a2c39e90264f33305004495a9","hash":"66b3a45d0cd05077e201a702b9c634b5e555843e"}
,"/home/matthu/Documents/springboard/Exercises/express-jobly/db.js": {"path":"/home/matthu/Documents/springboard/Exercises/express-jobly/db.js","statementMap":{"0":{"start":{"line":3,"column":19},"end":{"line":3,"column":32}},"1":{"start":{"line":4,"column":27},"end":{"line":4,"column":46}},"2":{"start":{"line":8,"column":0},"end":{"line":19,"column":1}},"3":{"start":{"line":9,"column":2},"end":{"line":14,"column":5}},"4":{"start":{"line":16,"column":2},"end":{"line":18,"column":5}},"5":{"start":{"line":21,"column":0},"end":{"line":21,"column":13}},"6":{"start":{"line":23,"column":0},"end":{"line":23,"column":20}}},"fnMap":{},"branchMap":{"0":{"loc":{"start":{"line":8,"column":0},"end":{"line":19,"column":1}},"type":"if","locations":[{"start":{"line":8,"column":0},"end":{"line":19,"column":1}},{"start":{"line":15,"column":7},"end":{"line":19,"column":1}}],"line":8}},"s":{"0":8,"1":8,"2":8,"3":0,"4":8,"5":8,"6":8},"f":{},"b":{"0":[0,8]},"_coverageSchema":"1a1c01bbd47fc00a2c39e90264f33305004495a9","hash":"ac991b23b8145d1c323d22a157f6852ddce58009"}
,"/home/matthu/Documents/springboard/Exercises/express-jobly/expressError.js": {"path":"/home/matthu/Documents/springboard/Exercises/express-jobly/expressError.js","statementMap":{"0":{"start":{"line":9,"column":4},"end":{"line":9,"column":12}},"1":{"start":{"line":10,"column":4},"end":{"line":10,"column":27}},"2":{"start":{"line":11,"column":4},"end":{"line":11,"column":25}},"3":{"start":{"line":19,"column":4},"end":{"line":19,"column":24}},"4":{"start":{"line":27,"column":4},"end":{"line":27,"column":24}},"5":{"start":{"line":35,"column":4},"end":{"line":35,"column":24}},"6":{"start":{"line":43,"column":4},"end":{"line":43,"column":24}},"7":{"start":{"line":47,"column":0},"end":{"line":53,"column":2}}},"fnMap":{"0":{"name":"(anonymous_0)","decl":{"start":{"line":8,"column":2},"end":{"line":8,"column":3}},"loc":{"start":{"line":8,"column":31},"end":{"line":12,"column":3}},"line":8},"1":{"name":"(anonymous_1)","decl":{"start":{"line":18,"column":2},"end":{"line":18,"column":3}},"loc":{"start":{"line":18,"column":37},"end":{"line":20,"column":3}},"line":18},"2":{"name":"(anonymous_2)","decl":{"start":{"line":26,"column":2},"end":{"line":26,"column":3}},"loc":{"start":{"line":26,"column":40},"end":{"line":28,"column":3}},"line":26},"3":{"name":"(anonymous_3)","decl":{"start":{"line":34,"column":2},"end":{"line":34,"column":3}},"loc":{"start":{"line":34,"column":39},"end":{"line":36,"column":3}},"line":34},"4":{"name":"(anonymous_4)","decl":{"start":{"line":42,"column":2},"end":{"line":42,"column":3}},"loc":{"start":{"line":42,"column":39},"end":{"line":44,"column":3}},"line":42}},"branchMap":{"0":{"loc":{"start":{"line":18,"column":14},"end":{"line":18,"column":35}},"type":"default-arg","locations":[{"start":{"line":18,"column":24},"end":{"line":18,"column":35}}],"line":18},"1":{"loc":{"start":{"line":26,"column":14},"end":{"line":26,"column":38}},"type":"default-arg","locations":[{"start":{"line":26,"column":24},"end":{"line":26,"column":38}}],"line":26},"2":{"loc":{"start":{"line":34,"column":14},"end":{"line":34,"column":37}},"type":"default-arg","locations":[{"start":{"line":34,"column":24},"end":{"line":34,"column":37}}],"line":34},"3":{"loc":{"start":{"line":42,"column":14},"end":{"line":42,"column":37}},"type":"default-arg","locations":[{"start":{"line":42,"column":24},"end":{"line":42,"column":37}}],"line":42}},"s":{"0":79,"1":79,"2":79,"3":24,"4":31,"5":24,"6":0,"7":10},"f":{"0":79,"1":24,"2":31,"3":24,"4":0},"b":{"0":[2],"1":[27],"2":[0],"3":[0]},"_coverageSchema":"1a1c01bbd47fc00a2c39e90264f33305004495a9","hash":"9293f26f7212968ec879192577fabe9ab03aa021"}
,"/home/matthu/Documents/springboard/Exercises/express-jobly/helpers/sql.js": {"path":"/home/matthu/Documents/springboard/Exercises/express-jobly/helpers/sql.js","statementMap":{"0":{"start":{"line":1,"column":28},"end":{"line":1,"column":54}},"1":{"start":{"line":24,"column":15},"end":{"line":24,"column":40}},"2":{"start":{"line":25,"column":2},"end":{"line":25,"column":62}},"3":{"start":{"line":25,"column":25},"end":{"line":25,"column":62}},"4":{"start":{"line":28,"column":15},"end":{"line":30,"column":3}},"5":{"start":{"line":29,"column":22},"end":{"line":29,"column":68}},"6":{"start":{"line":32,"column":2},"end":{"line":35,"column":4}},"7":{"start":{"line":38,"column":0},"end":{"line":38,"column":41}}},"fnMap":{"0":{"name":"sqlForPartialUpdate","decl":{"start":{"line":23,"column":9},"end":{"line":23,"column":28}},"loc":{"start":{"line":23,"column":52},"end":{"line":36,"column":1}},"line":23},"1":{"name":"(anonymous_1)","decl":{"start":{"line":29,"column":4},"end":{"line":29,"column":5}},"loc":{"start":{"line":29,"column":22},"end":{"line":29,"column":68}},"line":29}},"branchMap":{"0":{"loc":{"start":{"line":25,"column":2},"end":{"line":25,"column":62}},"type":"if","locations":[{"start":{"line":25,"column":2},"end":{"line":25,"column":62}},{"start":{},"end":{}}],"line":25},"1":{"loc":{"start":{"line":29,"column":26},"end":{"line":29,"column":53}},"type":"binary-expr","locations":[{"start":{"line":29,"column":26},"end":{"line":29,"column":42}},{"start":{"line":29,"column":46},"end":{"line":29,"column":53}}],"line":29}},"s":{"0":9,"1":22,"2":22,"3":4,"4":18,"5":36,"6":18,"7":9},"f":{"0":22,"1":36},"b":{"0":[4,18],"1":[36,20]},"_coverageSchema":"1a1c01bbd47fc00a2c39e90264f33305004495a9","hash":"3718ae420d4b90099332de871216b3f43a27ce3b"}
,"/home/matthu/Documents/springboard/Exercises/express-jobly/helpers/tokens.js": {"path":"/home/matthu/Documents/springboard/Exercises/express-jobly/helpers/tokens.js","statementMap":{"0":{"start":{"line":1,"column":12},"end":{"line":1,"column":35}},"1":{"start":{"line":2,"column":23},"end":{"line":2,"column":43}},"2":{"start":{"line":7,"column":2},"end":{"line":8,"column":58}},"3":{"start":{"line":10,"column":16},"end":{"line":13,"column":3}},"4":{"start":{"line":15,"column":2},"end":{"line":15,"column":39}},"5":{"start":{"line":18,"column":0},"end":{"line":18,"column":33}}},"fnMap":{"0":{"name":"createToken","decl":{"start":{"line":6,"column":9},"end":{"line":6,"column":20}},"loc":{"start":{"line":6,"column":27},"end":{"line":16,"column":1}},"line":6}},"branchMap":{"0":{"loc":{"start":{"line":12,"column":13},"end":{"line":12,"column":34}},"type":"binary-expr","locations":[{"start":{"line":12,"column":13},"end":{"line":12,"column":25}},{"start":{"line":12,"column":29},"end":{"line":12,"column":34}}],"line":12}},"s":{"0":6,"1":6,"2":19,"3":19,"4":19,"5":6},"f":{"0":19},"b":{"0":[19,13]},"_coverageSchema":"1a1c01bbd47fc00a2c39e90264f33305004495a9","hash":"b69311574e46616104546d00119f7f8806242062"}
,"/home/matthu/Documents/springboard/Exercises/express-jobly/middleware/auth.js": {"path":"/home/matthu/Documents/springboard/Exercises/express-jobly/middleware/auth.js","statementMap":{"0":{"start":{"line":5,"column":12},"end":{"line":5,"column":35}},"1":{"start":{"line":6,"column":23},"end":{"line":6,"column":43}},"2":{"start":{"line":7,"column":30},"end":{"line":7,"column":56}},"3":{"start":{"line":18,"column":2},"end":{"line":27,"column":3}},"4":{"start":{"line":19,"column":23},"end":{"line":19,"column":63}},"5":{"start":{"line":20,"column":4},"end":{"line":23,"column":5}},"6":{"start":{"line":21,"column":20},"end":{"line":21,"column":64}},"7":{"start":{"line":22,"column":6},"end":{"line":22,"column":54}},"8":{"start":{"line":24,"column":4},"end":{"line":24,"column":18}},"9":{"start":{"line":26,"column":4},"end":{"line":26,"column":18}},"10":{"start":{"line":36,"column":2},"end":{"line":41,"column":3}},"11":{"start":{"line":37,"column":4},"end":{"line":37,"column":56}},"12":{"start":{"line":37,"column":26},"end":{"line":37,"column":56}},"13":{"start":{"line":38,"column":4},"end":{"line":38,"column":18}},"14":{"start":{"line":40,"column":4},"end":{"line":40,"column":21}},"15":{"start":{"line":50,"column":2},"end":{"line":57,"column":3}},"16":{"start":{"line":51,"column":4},"end":{"line":53,"column":5}},"17":{"start":{"line":52,"column":6},"end":{"line":52,"column":36}},"18":{"start":{"line":54,"column":4},"end":{"line":54,"column":18}},"19":{"start":{"line":56,"column":4},"end":{"line":56,"column":21}},"20":{"start":{"line":67,"column":2},"end":{"line":76,"column":3}},"21":{"start":{"line":68,"column":17},"end":{"line":68,"column":32}},"22":{"start":{"line":70,"column":4},"end":{"line":72,"column":5}},"23":{"start":{"line":71,"column":6},"end":{"line":71,"column":36}},"24":{"start":{"line":73,"column":4},"end":{"line":73,"column":18}},"25":{"start":{"line":75,"column":4},"end":{"line":75,"column":21}},"26":{"start":{"line":79,"column":0},"end":{"line":84,"column":2}}},"fnMap":{"0":{"name":"authenticateJWT","decl":{"start":{"line":17,"column":9},"end":{"line":17,"column":24}},"loc":{"start":{"line":17,"column":41},"end":{"line":28,"column":1}},"line":17},"1":{"name":"ensureLoggedIn","decl":{"start":{"line":35,"column":9},"end":{"line":35,"column":23}},"loc":{"start":{"line":35,"column":40},"end":{"line":42,"column":1}},"line":35},"2":{"name":"ensureIsAdmin","decl":{"start":{"line":49,"column":9},"end":{"line":49,"column":22}},"loc":{"start":{"line":49,"column":39},"end":{"line":58,"column":1}},"line":49},"3":{"name":"ensureAdminOrSameUser","decl":{"start":{"line":66,"column":9},"end":{"line":66,"column":30}},"loc":{"start":{"line":66,"column":47},"end":{"line":77,"column":1}},"line":66}},"branchMap":{"0":{"loc":{"start":{"line":19,"column":23},"end":{"line":19,"column":63}},"type":"binary-expr","locations":[{"start":{"line":19,"column":23},"end":{"line":19,"column":34}},{"start":{"line":19,"column":38},"end":{"line":19,"column":63}}],"line":19},"1":{"loc":{"start":{"line":20,"column":4},"end":{"line":23,"column":5}},"type":"if","locations":[{"start":{"line":20,"column":4},"end":{"line":23,"column":5}},{"start":{},"end":{}}],"line":20},"2":{"loc":{"start":{"line":37,"column":4},"end":{"line":37,"column":56}},"type":"if","locations":[{"start":{"line":37,"column":4},"end":{"line":37,"column":56}},{"start":{},"end":{}}],"line":37},"3":{"loc":{"start":{"line":51,"column":4},"end":{"line":53,"column":5}},"type":"if","locations":[{"start":{"line":51,"column":4},"end":{"line":53,"column":5}},{"start":{},"end":{}}],"line":51},"4":{"loc":{"start":{"line":51,"column":8},"end":{"line":51,"column":52}},"type":"binary-expr","locations":[{"start":{"line":51,"column":8},"end":{"line":51,"column":24}},{"start":{"line":51,"column":28},"end":{"line":51,"column":52}}],"line":51},"5":{"loc":{"start":{"line":70,"column":4},"end":{"line":72,"column":5}},"type":"if","locations":[{"start":{"line":70,"column":4},"end":{"line":72,"column":5}},{"start":{},"end":{}}],"line":70},"6":{"loc":{"start":{"line":70,"column":10},"end":{"line":70,"column":73}},"type":"binary-expr","locations":[{"start":{"line":70,"column":10},"end":{"line":70,"column":14}},{"start":{"line":70,"column":19},"end":{"line":70,"column":56}},{"start":{"line":70,"column":60},"end":{"line":70,"column":72}}],"line":70}},"s":{"0":6,"1":6,"2":6,"3":89,"4":89,"5":89,"6":55,"7":55,"8":88,"9":1,"10":2,"11":2,"12":1,"13":1,"14":1,"15":41,"16":41,"17":16,"18":25,"19":16,"20":27,"21":27,"22":27,"23":10,"24":17,"25":10,"26":6},"f":{"0":89,"1":2,"2":41,"3":27},"b":{"0":[89,88],"1":[55,34],"2":[1,1],"3":[16,25],"4":[41,34],"5":[10,17],"6":[27,22,17]},"_coverageSchema":"1a1c01bbd47fc00a2c39e90264f33305004495a9","hash":"0cf2b7fd9647b8cfc8e380c49e1004b369bb5969"}
,"/home/matthu/Documents/springboard/Exercises/express-jobly/models/_testCommon.js": {"path":"/home/matthu/Documents/springboard/Exercises/express-jobly/models/_testCommon.js","statementMap":{"0":{"start":{"line":1,"column":15},"end":{"line":1,"column":32}},"1":{"start":{"line":3,"column":11},"end":{"line":3,"column":30}},"2":{"start":{"line":4,"column":31},"end":{"line":4,"column":51}},"3":{"start":{"line":6,"column":19},"end":{"line":6,"column":21}},"4":{"start":{"line":10,"column":2},"end":{"line":10,"column":42}},"5":{"start":{"line":12,"column":2},"end":{"line":12,"column":38}},"6":{"start":{"line":14,"column":2},"end":{"line":14,"column":37}},"7":{"start":{"line":16,"column":2},"end":{"line":16,"column":45}},"8":{"start":{"line":18,"column":2},"end":{"line":22,"column":55}},"9":{"start":{"line":24,"column":2},"end":{"line":38,"column":4}},"10":{"start":{"line":40,"column":22},"end":{"line":46,"column":22}},"11":{"start":{"line":48,"column":2},"end":{"line":48,"column":64}},"12":{"start":{"line":48,"column":57},"end":{"line":48,"column":61}},"13":{"start":{"line":50,"column":2},"end":{"line":54,"column":4}},"14":{"start":{"line":58,"column":2},"end":{"line":58,"column":26}},"15":{"start":{"line":62,"column":2},"end":{"line":62,"column":29}},"16":{"start":{"line":66,"column":2},"end":{"line":66,"column":17}},"17":{"start":{"line":69,"column":0},"end":{"line":75,"column":2}}},"fnMap":{"0":{"name":"commonBeforeAll","decl":{"start":{"line":8,"column":15},"end":{"line":8,"column":30}},"loc":{"start":{"line":8,"column":33},"end":{"line":55,"column":1}},"line":8},"1":{"name":"(anonymous_1)","decl":{"start":{"line":48,"column":50},"end":{"line":48,"column":51}},"loc":{"start":{"line":48,"column":57},"end":{"line":48,"column":61}},"line":48},"2":{"name":"commonBeforeEach","decl":{"start":{"line":57,"column":15},"end":{"line":57,"column":31}},"loc":{"start":{"line":57,"column":34},"end":{"line":59,"column":1}},"line":57},"3":{"name":"commonAfterEach","decl":{"start":{"line":61,"column":15},"end":{"line":61,"column":30}},"loc":{"start":{"line":61,"column":33},"end":{"line":63,"column":1}},"line":61},"4":{"name":"commonAfterAll","decl":{"start":{"line":65,"column":15},"end":{"line":65,"column":29}},"loc":{"start":{"line":65,"column":32},"end":{"line":67,"column":1}},"line":65}},"branchMap":{},"s":{"0":3,"1":3,"2":3,"3":3,"4":3,"5":3,"6":3,"7":3,"8":3,"9":3,"10":3,"11":3,"12":12,"13":3,"14":48,"15":48,"16":3,"17":3},"f":{"0":3,"1":12,"2":48,"3":48,"4":3},"b":{},"_coverageSchema":"1a1c01bbd47fc00a2c39e90264f33305004495a9","hash":"0689edc1e2507f496d29e8a50b4633de0f80d38d"}
,"/home/matthu/Documents/springboard/Exercises/express-jobly/models/company.js": {"path":"/home/matthu/Documents/springboard/Exercises/express-jobly/models/company.js","statementMap":{"0":{"start":{"line":3,"column":11},"end":{"line":3,"column":27}},"1":{"start":{"line":4,"column":43},"end":{"line":4,"column":69}},"2":{"start":{"line":5,"column":32},"end":{"line":5,"column":57}},"3":{"start":{"line":20,"column":27},"end":{"line":25,"column":5}},"4":{"start":{"line":27,"column":4},"end":{"line":28,"column":64}},"5":{"start":{"line":28,"column":6},"end":{"line":28,"column":64}},"6":{"start":{"line":30,"column":19},"end":{"line":36,"column":5}},"7":{"start":{"line":37,"column":20},"end":{"line":37,"column":34}},"8":{"start":{"line":39,"column":4},"end":{"line":39,"column":19}},"9":{"start":{"line":53,"column":16},"end":{"line":58,"column":26}},"10":{"start":{"line":61,"column":27},"end":{"line":61,"column":29}},"11":{"start":{"line":63,"column":22},"end":{"line":63,"column":24}},"12":{"start":{"line":65,"column":49},"end":{"line":65,"column":62}},"13":{"start":{"line":67,"column":4},"end":{"line":69,"column":5}},"14":{"start":{"line":68,"column":6},"end":{"line":68,"column":76}},"15":{"start":{"line":75,"column":4},"end":{"line":78,"column":5}},"16":{"start":{"line":76,"column":6},"end":{"line":76,"column":37}},"17":{"start":{"line":77,"column":6},"end":{"line":77,"column":71}},"18":{"start":{"line":80,"column":4},"end":{"line":83,"column":5}},"19":{"start":{"line":81,"column":6},"end":{"line":81,"column":37}},"20":{"start":{"line":82,"column":6},"end":{"line":82,"column":71}},"21":{"start":{"line":85,"column":4},"end":{"line":88,"column":5}},"22":{"start":{"line":86,"column":6},"end":{"line":86,"column":36}},"23":{"start":{"line":87,"column":6},"end":{"line":87,"column":65}},"24":{"start":{"line":91,"column":4},"end":{"line":93,"column":5}},"25":{"start":{"line":92,"column":6},"end":{"line":92,"column":58}},"26":{"start":{"line":97,"column":4},"end":{"line":97,"column":30}},"27":{"start":{"line":98,"column":25},"end":{"line":98,"column":59}},"28":{"start":{"line":99,"column":4},"end":{"line":99,"column":29}},"29":{"start":{"line":111,"column":23},"end":{"line":120,"column":5}},"30":{"start":{"line":122,"column":20},"end":{"line":122,"column":38}},"31":{"start":{"line":124,"column":4},"end":{"line":124,"column":67}},"32":{"start":{"line":124,"column":18},"end":{"line":124,"column":67}},"33":{"start":{"line":126,"column":20},"end":{"line":135,"column":5}},"34":{"start":{"line":137,"column":4},"end":{"line":137,"column":32}},"35":{"start":{"line":139,"column":4},"end":{"line":139,"column":19}},"36":{"start":{"line":155,"column":32},"end":{"line":158,"column":6}},"37":{"start":{"line":159,"column":25},"end":{"line":159,"column":50}},"38":{"start":{"line":161,"column":21},"end":{"line":168,"column":54}},"39":{"start":{"line":169,"column":19},"end":{"line":169,"column":64}},"40":{"start":{"line":170,"column":20},"end":{"line":170,"column":34}},"41":{"start":{"line":172,"column":4},"end":{"line":172,"column":67}},"42":{"start":{"line":172,"column":18},"end":{"line":172,"column":67}},"43":{"start":{"line":174,"column":4},"end":{"line":174,"column":19}},"44":{"start":{"line":183,"column":19},"end":{"line":189,"column":5}},"45":{"start":{"line":190,"column":20},"end":{"line":190,"column":34}},"46":{"start":{"line":192,"column":4},"end":{"line":192,"column":67}},"47":{"start":{"line":192,"column":18},"end":{"line":192,"column":67}},"48":{"start":{"line":196,"column":0},"end":{"line":196,"column":25}}},"fnMap":{"0":{"name":"(anonymous_0)","decl":{"start":{"line":19,"column":2},"end":{"line":19,"column":3}},"loc":{"start":{"line":19,"column":76},"end":{"line":40,"column":3}},"line":19},"1":{"name":"(anonymous_1)","decl":{"start":{"line":52,"column":2},"end":{"line":52,"column":3}},"loc":{"start":{"line":52,"column":43},"end":{"line":100,"column":3}},"line":52},"2":{"name":"(anonymous_2)","decl":{"start":{"line":110,"column":2},"end":{"line":110,"column":3}},"loc":{"start":{"line":110,"column":27},"end":{"line":140,"column":3}},"line":110},"3":{"name":"(anonymous_3)","decl":{"start":{"line":154,"column":2},"end":{"line":154,"column":3}},"loc":{"start":{"line":154,"column":36},"end":{"line":175,"column":3}},"line":154},"4":{"name":"(anonymous_4)","decl":{"start":{"line":182,"column":2},"end":{"line":182,"column":3}},"loc":{"start":{"line":182,"column":30},"end":{"line":193,"column":3}},"line":182}},"branchMap":{"0":{"loc":{"start":{"line":27,"column":4},"end":{"line":28,"column":64}},"type":"if","locations":[{"start":{"line":27,"column":4},"end":{"line":28,"column":64}},{"start":{},"end":{}}],"line":27},"1":{"loc":{"start":{"line":52,"column":23},"end":{"line":52,"column":41}},"type":"default-arg","locations":[{"start":{"line":52,"column":39},"end":{"line":52,"column":41}}],"line":52},"2":{"loc":{"start":{"line":67,"column":4},"end":{"line":69,"column":5}},"type":"if","locations":[{"start":{"line":67,"column":4},"end":{"line":69,"column":5}},{"start":{},"end":{}}],"line":67},"3":{"loc":{"start":{"line":75,"column":4},"end":{"line":78,"column":5}},"type":"if","locations":[{"start":{"line":75,"column":4},"end":{"line":78,"column":5}},{"start":{},"end":{}}],"line":75},"4":{"loc":{"start":{"line":80,"column":4},"end":{"line":83,"column":5}},"type":"if","locations":[{"start":{"line":80,"column":4},"end":{"line":83,"column":5}},{"start":{},"end":{}}],"line":80},"5":{"loc":{"start":{"line":85,"column":4},"end":{"line":88,"column":5}},"type":"if","locations":[{"start":{"line":85,"column":4},"end":{"line":88,"column":5}},{"start":{},"end":{}}],"line":85},"6":{"loc":{"start":{"line":91,"column":4},"end":{"line":93,"column":5}},"type":"if","locations":[{"start":{"line":91,"column":4},"end":{"line":93,"column":5}},{"start":{},"end":{}}],"line":91},"7":{"loc":{"start":{"line":124,"column":4},"end":{"line":124,"column":67}},"type":"if","locations":[{"start":{"line":124,"column":4},"end":{"line":124,"column":67}},{"start":{},"end":{}}],"line":124},"8":{"loc":{"start":{"line":172,"column":4},"end":{"line":172,"column":67}},"type":"if","locations":[{"start":{"line":172,"column":4},"end":{"line":172,"column":67}},{"start":{},"end":{}}],"line":172},"9":{"loc":{"start":{"line":192,"column":4},"end":{"line":192,"column":67}},"type":"if","locations":[{"start":{"line":192,"column":4},"end":{"line":192,"column":67}},{"start":{},"end":{}}],"line":192}},"s":{"0":6,"1":6,"2":6,"3":16,"4":16,"5":1,"6":15,"7":15,"8":15,"9":11,"10":11,"11":11,"12":11,"13":11,"14":1,"15":10,"16":4,"17":4,"18":10,"19":3,"20":3,"21":10,"22":3,"23":3,"24":10,"25":7,"26":10,"27":10,"28":9,"29":5,"30":5,"31":5,"32":2,"33":3,"34":3,"35":3,"36":6,"37":5,"38":5,"39":5,"40":5,"41":5,"42":2,"43":3,"44":4,"45":4,"46":4,"47":2,"48":6},"f":{"0":16,"1":11,"2":5,"3":6,"4":4},"b":{"0":[1,15],"1":[1],"2":[1,10],"3":[4,6],"4":[3,7],"5":[3,7],"6":[7,3],"7":[2,3],"8":[2,3],"9":[2,2]},"_coverageSchema":"1a1c01bbd47fc00a2c39e90264f33305004495a9","hash":"5f3916b3cf0a56fdba8e6da05deae3d1fc279409"}
,"/home/matthu/Documents/springboard/Exercises/express-jobly/models/job.js": {"path":"/home/matthu/Documents/springboard/Exercises/express-jobly/models/job.js","statementMap":{"0":{"start":{"line":3,"column":11},"end":{"line":3,"column":27}},"1":{"start":{"line":4,"column":43},"end":{"line":4,"column":69}},"2":{"start":{"line":5,"column":32},"end":{"line":5,"column":57}},"3":{"start":{"line":18,"column":19},"end":{"line":28,"column":5}},"4":{"start":{"line":29,"column":14},"end":{"line":29,"column":28}},"5":{"start":{"line":31,"column":4},"end":{"line":31,"column":15}},"6":{"start":{"line":45,"column":16},"end":{"line":53,"column":55}},"7":{"start":{"line":55,"column":27},"end":{"line":55,"column":29}},"8":{"start":{"line":56,"column":22},"end":{"line":56,"column":24}},"9":{"start":{"line":58,"column":44},"end":{"line":58,"column":57}},"10":{"start":{"line":64,"column":4},"end":{"line":67,"column":5}},"11":{"start":{"line":65,"column":6},"end":{"line":65,"column":34}},"12":{"start":{"line":66,"column":6},"end":{"line":66,"column":66}},"13":{"start":{"line":70,"column":4},"end":{"line":72,"column":5}},"14":{"start":{"line":71,"column":6},"end":{"line":71,"column":44}},"15":{"start":{"line":74,"column":4},"end":{"line":77,"column":5}},"16":{"start":{"line":75,"column":6},"end":{"line":75,"column":37}},"17":{"start":{"line":76,"column":6},"end":{"line":76,"column":68}},"18":{"start":{"line":80,"column":4},"end":{"line":82,"column":5}},"19":{"start":{"line":81,"column":6},"end":{"line":81,"column":65}},"20":{"start":{"line":85,"column":4},"end":{"line":85,"column":30}},"21":{"start":{"line":87,"column":20},"end":{"line":87,"column":54}},"22":{"start":{"line":89,"column":4},"end":{"line":89,"column":24}},"23":{"start":{"line":102,"column":22},"end":{"line":111,"column":5}},"24":{"start":{"line":113,"column":16},"end":{"line":113,"column":33}},"25":{"start":{"line":115,"column":4},"end":{"line":115,"column":63}},"26":{"start":{"line":115,"column":14},"end":{"line":115,"column":63}},"27":{"start":{"line":117,"column":23},"end":{"line":126,"column":5}},"28":{"start":{"line":127,"column":4},"end":{"line":127,"column":29}},"29":{"start":{"line":128,"column":4},"end":{"line":128,"column":37}},"30":{"start":{"line":130,"column":4},"end":{"line":130,"column":15}},"31":{"start":{"line":146,"column":32},"end":{"line":146,"column":61}},"32":{"start":{"line":147,"column":21},"end":{"line":147,"column":46}},"33":{"start":{"line":149,"column":21},"end":{"line":156,"column":70}},"34":{"start":{"line":158,"column":19},"end":{"line":158,"column":60}},"35":{"start":{"line":159,"column":16},"end":{"line":159,"column":30}},"36":{"start":{"line":161,"column":4},"end":{"line":161,"column":63}},"37":{"start":{"line":161,"column":14},"end":{"line":161,"column":63}},"38":{"start":{"line":163,"column":4},"end":{"line":163,"column":15}},"39":{"start":{"line":172,"column":19},"end":{"line":178,"column":5}},"40":{"start":{"line":180,"column":16},"end":{"line":180,"column":30}},"41":{"start":{"line":182,"column":4},"end":{"line":182,"column":63}},"42":{"start":{"line":182,"column":14},"end":{"line":182,"column":63}},"43":{"start":{"line":186,"column":0},"end":{"line":186,"column":21}}},"fnMap":{"0":{"name":"(anonymous_0)","decl":{"start":{"line":17,"column":2},"end":{"line":17,"column":3}},"loc":{"start":{"line":17,"column":64},"end":{"line":32,"column":3}},"line":17},"1":{"name":"(anonymous_1)","decl":{"start":{"line":44,"column":2},"end":{"line":44,"column":3}},"loc":{"start":{"line":44,"column":43},"end":{"line":90,"column":3}},"line":44},"2":{"name":"(anonymous_2)","decl":{"start":{"line":101,"column":2},"end":{"line":101,"column":3}},"loc":{"start":{"line":101,"column":23},"end":{"line":131,"column":3}},"line":101},"3":{"name":"(anonymous_3)","decl":{"start":{"line":145,"column":2},"end":{"line":145,"column":3}},"loc":{"start":{"line":145,"column":32},"end":{"line":164,"column":3}},"line":145},"4":{"name":"(anonymous_4)","decl":{"start":{"line":171,"column":2},"end":{"line":171,"column":3}},"loc":{"start":{"line":171,"column":26},"end":{"line":183,"column":3}},"line":171}},"branchMap":{"0":{"loc":{"start":{"line":44,"column":23},"end":{"line":44,"column":41}},"type":"default-arg","locations":[{"start":{"line":44,"column":39},"end":{"line":44,"column":41}}],"line":44},"1":{"loc":{"start":{"line":64,"column":4},"end":{"line":67,"column":5}},"type":"if","locations":[{"start":{"line":64,"column":4},"end":{"line":67,"column":5}},{"start":{},"end":{}}],"line":64},"2":{"loc":{"start":{"line":70,"column":4},"end":{"line":72,"column":5}},"type":"if","locations":[{"start":{"line":70,"column":4},"end":{"line":72,"column":5}},{"start":{},"end":{}}],"line":70},"3":{"loc":{"start":{"line":74,"column":4},"end":{"line":77,"column":5}},"type":"if","locations":[{"start":{"line":74,"column":4},"end":{"line":77,"column":5}},{"start":{},"end":{}}],"line":74},"4":{"loc":{"start":{"line":80,"column":4},"end":{"line":82,"column":5}},"type":"if","locations":[{"start":{"line":80,"column":4},"end":{"line":82,"column":5}},{"start":{},"end":{}}],"line":80},"5":{"loc":{"start":{"line":115,"column":4},"end":{"line":115,"column":63}},"type":"if","locations":[{"start":{"line":115,"column":4},"end":{"line":115,"column":63}},{"start":{},"end":{}}],"line":115},"6":{"loc":{"start":{"line":161,"column":4},"end":{"line":161,"column":63}},"type":"if","locations":[{"start":{"line":161,"column":4},"end":{"line":161,"column":63}},{"start":{},"end":{}}],"line":161},"7":{"loc":{"start":{"line":182,"column":4},"end":{"line":182,"column":63}},"type":"if","locations":[{"start":{"line":182,"column":4},"end":{"line":182,"column":63}},{"start":{},"end":{}}],"line":182}},"s":{"0":6,"1":6,"2":6,"3":14,"4":14,"5":14,"6":9,"7":9,"8":9,"9":9,"10":9,"11":3,"12":3,"13":9,"14":2,"15":9,"16":3,"17":3,"18":9,"19":6,"20":9,"21":9,"22":8,"23":4,"24":4,"25":4,"26":2,"27":2,"28":2,"29":2,"30":2,"31":5,"32":4,"33":4,"34":4,"35":4,"36":4,"37":2,"38":2,"39":4,"40":4,"41":4,"42":2,"43":6},"f":{"0":14,"1":9,"2":4,"3":5,"4":4},"b":{"0":[1],"1":[3,6],"2":[2,7],"3":[3,6],"4":[6,3],"5":[2,2],"6":[2,2],"7":[2,2]},"_coverageSchema":"1a1c01bbd47fc00a2c39e90264f33305004495a9","hash":"bdbff796796284c979169106ae6326458b46cf0c"}
,"/home/matthu/Documents/springboard/Exercises/express-jobly/models/user.js": {"path":"/home/matthu/Documents/springboard/Exercises/express-jobly/models/user.js","statementMap":{"0":{"start":{"line":3,"column":11},"end":{"line":3,"column":27}},"1":{"start":{"line":4,"column":15},"end":{"line":4,"column":32}},"2":{"start":{"line":5,"column":32},"end":{"line":5,"column":57}},"3":{"start":{"line":10,"column":4},"end":{"line":10,"column":30}},"4":{"start":{"line":12,"column":31},"end":{"line":12,"column":54}},"5":{"start":{"line":26,"column":19},"end":{"line":36,"column":5}},"6":{"start":{"line":38,"column":17},"end":{"line":38,"column":31}},"7":{"start":{"line":40,"column":4},"end":{"line":47,"column":5}},"8":{"start":{"line":42,"column":22},"end":{"line":42,"column":67}},"9":{"start":{"line":43,"column":6},"end":{"line":46,"column":7}},"10":{"start":{"line":44,"column":8},"end":{"line":44,"column":29}},"11":{"start":{"line":45,"column":8},"end":{"line":45,"column":20}},"12":{"start":{"line":49,"column":4},"end":{"line":49,"column":61}},"13":{"start":{"line":67,"column":27},"end":{"line":72,"column":5}},"14":{"start":{"line":74,"column":4},"end":{"line":76,"column":5}},"15":{"start":{"line":75,"column":6},"end":{"line":75,"column":67}},"16":{"start":{"line":78,"column":27},"end":{"line":78,"column":74}},"17":{"start":{"line":80,"column":19},"end":{"line":91,"column":5}},"18":{"start":{"line":93,"column":17},"end":{"line":93,"column":31}},"19":{"start":{"line":95,"column":4},"end":{"line":95,"column":16}},"20":{"start":{"line":106,"column":24},"end":{"line":114,"column":5}},"21":{"start":{"line":116,"column":18},"end":{"line":116,"column":34}},"22":{"start":{"line":118,"column":23},"end":{"line":121,"column":5}},"23":{"start":{"line":123,"column":25},"end":{"line":123,"column":40}},"24":{"start":{"line":125,"column":4},"end":{"line":132,"column":7}},"25":{"start":{"line":126,"column":6},"end":{"line":126,"column":18}},"26":{"start":{"line":127,"column":6},"end":{"line":131,"column":7}},"27":{"start":{"line":128,"column":8},"end":{"line":130,"column":9}},"28":{"start":{"line":129,"column":10},"end":{"line":129,"column":37}},"29":{"start":{"line":134,"column":4},"end":{"line":134,"column":17}},"30":{"start":{"line":146,"column":20},"end":{"line":155,"column":5}},"31":{"start":{"line":157,"column":17},"end":{"line":157,"column":32}},"32":{"start":{"line":159,"column":4},"end":{"line":159,"column":63}},"33":{"start":{"line":159,"column":15},"end":{"line":159,"column":63}},"34":{"start":{"line":161,"column":4},"end":{"line":161,"column":16}},"35":{"start":{"line":182,"column":4},"end":{"line":184,"column":5}},"36":{"start":{"line":183,"column":6},"end":{"line":183,"column":75}},"37":{"start":{"line":186,"column":32},"end":{"line":190,"column":6}},"38":{"start":{"line":191,"column":27},"end":{"line":191,"column":52}},"39":{"start":{"line":193,"column":21},"end":{"line":200,"column":54}},"40":{"start":{"line":201,"column":19},"end":{"line":201,"column":66}},"41":{"start":{"line":202,"column":17},"end":{"line":202,"column":31}},"42":{"start":{"line":204,"column":4},"end":{"line":204,"column":63}},"43":{"start":{"line":204,"column":15},"end":{"line":204,"column":63}},"44":{"start":{"line":206,"column":4},"end":{"line":206,"column":25}},"45":{"start":{"line":207,"column":4},"end":{"line":207,"column":16}},"46":{"start":{"line":213,"column":17},"end":{"line":219,"column":5}},"47":{"start":{"line":220,"column":17},"end":{"line":220,"column":31}},"48":{"start":{"line":222,"column":4},"end":{"line":222,"column":63}},"49":{"start":{"line":222,"column":15},"end":{"line":222,"column":63}},"50":{"start":{"line":233,"column":21},"end":{"line":238,"column":5}},"51":{"start":{"line":240,"column":16},"end":{"line":240,"column":32}},"52":{"start":{"line":242,"column":4},"end":{"line":242,"column":61}},"53":{"start":{"line":242,"column":14},"end":{"line":242,"column":61}},"54":{"start":{"line":245,"column":22},"end":{"line":250,"column":5}},"55":{"start":{"line":252,"column":17},"end":{"line":252,"column":34}},"56":{"start":{"line":254,"column":4},"end":{"line":254,"column":77}},"57":{"start":{"line":254,"column":15},"end":{"line":254,"column":77}},"58":{"start":{"line":257,"column":4},"end":{"line":261,"column":6}},"59":{"start":{"line":265,"column":0},"end":{"line":265,"column":22}}},"fnMap":{"0":{"name":"(anonymous_0)","decl":{"start":{"line":24,"column":2},"end":{"line":24,"column":3}},"loc":{"start":{"line":24,"column":48},"end":{"line":50,"column":3}},"line":24},"1":{"name":"(anonymous_1)","decl":{"start":{"line":59,"column":2},"end":{"line":59,"column":3}},"loc":{"start":{"line":66,"column":5},"end":{"line":96,"column":3}},"line":66},"2":{"name":"(anonymous_2)","decl":{"start":{"line":105,"column":2},"end":{"line":105,"column":3}},"loc":{"start":{"line":105,"column":25},"end":{"line":135,"column":3}},"line":105},"3":{"name":"(anonymous_3)","decl":{"start":{"line":125,"column":14},"end":{"line":125,"column":15}},"loc":{"start":{"line":125,"column":21},"end":{"line":132,"column":5}},"line":125},"4":{"name":"(anonymous_4)","decl":{"start":{"line":145,"column":2},"end":{"line":145,"column":3}},"loc":{"start":{"line":145,"column":29},"end":{"line":162,"column":3}},"line":145},"5":{"name":"(anonymous_5)","decl":{"start":{"line":181,"column":2},"end":{"line":181,"column":3}},"loc":{"start":{"line":181,"column":38},"end":{"line":208,"column":3}},"line":181},"6":{"name":"(anonymous_6)","decl":{"start":{"line":212,"column":2},"end":{"line":212,"column":3}},"loc":{"start":{"line":212,"column":32},"end":{"line":223,"column":3}},"line":212},"7":{"name":"(anonymous_7)","decl":{"start":{"line":231,"column":2},"end":{"line":231,"column":3}},"loc":{"start":{"line":231,"column":43},"end":{"line":262,"column":3}},"line":231}},"branchMap":{"0":{"loc":{"start":{"line":40,"column":4},"end":{"line":47,"column":5}},"type":"if","locations":[{"start":{"line":40,"column":4},"end":{"line":47,"column":5}},{"start":{},"end":{}}],"line":40},"1":{"loc":{"start":{"line":43,"column":6},"end":{"line":46,"column":7}},"type":"if","locations":[{"start":{"line":43,"column":6},"end":{"line":46,"column":7}},{"start":{},"end":{}}],"line":43},"2":{"loc":{"start":{"line":74,"column":4},"end":{"line":76,"column":5}},"type":"if","locations":[{"start":{"line":74,"column":4},"end":{"line":76,"column":5}},{"start":{},"end":{}}],"line":74},"3":{"loc":{"start":{"line":128,"column":8},"end":{"line":130,"column":9}},"type":"if","locations":[{"start":{"line":128,"column":8},"end":{"line":130,"column":9}},{"start":{},"end":{}}],"line":128},"4":{"loc":{"start":{"line":159,"column":4},"end":{"line":159,"column":63}},"type":"if","locations":[{"start":{"line":159,"column":4},"end":{"line":159,"column":63}},{"start":{},"end":{}}],"line":159},"5":{"loc":{"start":{"line":182,"column":4},"end":{"line":184,"column":5}},"type":"if","locations":[{"start":{"line":182,"column":4},"end":{"line":184,"column":5}},{"start":{},"end":{}}],"line":182},"6":{"loc":{"start":{"line":204,"column":4},"end":{"line":204,"column":63}},"type":"if","locations":[{"start":{"line":204,"column":4},"end":{"line":204,"column":63}},{"start":{},"end":{}}],"line":204},"7":{"loc":{"start":{"line":222,"column":4},"end":{"line":222,"column":63}},"type":"if","locations":[{"start":{"line":222,"column":4},"end":{"line":222,"column":63}},{"start":{},"end":{}}],"line":222},"8":{"loc":{"start":{"line":242,"column":4},"end":{"line":242,"column":61}},"type":"if","locations":[{"start":{"line":242,"column":4},"end":{"line":242,"column":61}},{"start":{},"end":{}}],"line":242},"9":{"loc":{"start":{"line":254,"column":4},"end":{"line":254,"column":77}},"type":"if","locations":[{"start":{"line":254,"column":4},"end":{"line":254,"column":77}},{"start":{},"end":{}}],"line":254}},"s":{"0":6,"1":6,"2":6,"3":6,"4":6,"5":7,"6":7,"7":7,"8":4,"9":4,"10":3,"11":3,"12":4,"13":19,"14":19,"15":1,"16":18,"17":18,"18":18,"19":18,"20":3,"21":2,"22":2,"23":2,"24":2,"25":5,"26":5,"27":10,"28":4,"29":2,"30":5,"31":5,"32":5,"33":2,"34":3,"35":8,"36":2,"37":8,"38":7,"39":7,"40":7,"41":7,"42":7,"43":2,"44":5,"45":5,"46":5,"47":5,"48":5,"49":2,"50":15,"51":15,"52":15,"53":2,"54":13,"55":13,"56":13,"57":2,"58":11,"59":6},"f":{"0":7,"1":19,"2":3,"3":5,"4":5,"5":8,"6":5,"7":15},"b":{"0":[4,3],"1":[3,1],"2":[1,18],"3":[4,6],"4":[2,3],"5":[2,6],"6":[2,5],"7":[2,3],"8":[2,13],"9":[2,11]},"_coverageSchema":"1a1c01bbd47fc00a2c39e90264f33305004495a9","hash":"b6f44f2fc043a63b10be030576780966aa91382d"}
,"/home/matthu/Documents/springboard/Exercises/express-jobly/routes/_testCommon.js": {"path":"/home/matthu/Documents/springboard/Exercises/express-jobly/routes/_testCommon.js","statementMap":{"0":{"start":{"line":3,"column":11},"end":{"line":3,"column":30}},"1":{"start":{"line":4,"column":13},"end":{"line":4,"column":38}},"2":{"start":{"line":5,"column":16},"end":{"line":5,"column":44}},"3":{"start":{"line":6,"column":12},"end":{"line":6,"column":36}},"4":{"start":{"line":7,"column":24},"end":{"line":7,"column":52}},"5":{"start":{"line":9,"column":19},"end":{"line":9,"column":21}},"6":{"start":{"line":13,"column":2},"end":{"line":13,"column":38}},"7":{"start":{"line":15,"column":2},"end":{"line":15,"column":42}},"8":{"start":{"line":17,"column":2},"end":{"line":17,"column":37}},"9":{"start":{"line":19,"column":2},"end":{"line":19,"column":45}},"10":{"start":{"line":22,"column":2},"end":{"line":28,"column":5}},"11":{"start":{"line":29,"column":2},"end":{"line":35,"column":5}},"12":{"start":{"line":36,"column":2},"end":{"line":42,"column":5}},"13":{"start":{"line":46,"column":2},"end":{"line":53,"column":7}},"14":{"start":{"line":54,"column":2},"end":{"line":61,"column":7}},"15":{"start":{"line":62,"column":2},"end":{"line":69,"column":7}},"16":{"start":{"line":72,"column":2},"end":{"line":79,"column":5}},"17":{"start":{"line":80,"column":2},"end":{"line":87,"column":5}},"18":{"start":{"line":88,"column":2},"end":{"line":95,"column":5}},"19":{"start":{"line":98,"column":2},"end":{"line":98,"column":45}},"20":{"start":{"line":99,"column":2},"end":{"line":99,"column":45}},"21":{"start":{"line":103,"column":2},"end":{"line":103,"column":26}},"22":{"start":{"line":107,"column":2},"end":{"line":107,"column":29}},"23":{"start":{"line":111,"column":2},"end":{"line":111,"column":17}},"24":{"start":{"line":114,"column":16},"end":{"line":114,"column":63}},"25":{"start":{"line":115,"column":16},"end":{"line":115,"column":63}},"26":{"start":{"line":116,"column":19},"end":{"line":116,"column":68}},"27":{"start":{"line":118,"column":0},"end":{"line":127,"column":2}}},"fnMap":{"0":{"name":"commonBeforeAll","decl":{"start":{"line":11,"column":15},"end":{"line":11,"column":30}},"loc":{"start":{"line":11,"column":33},"end":{"line":100,"column":1}},"line":11},"1":{"name":"commonBeforeEach","decl":{"start":{"line":102,"column":15},"end":{"line":102,"column":31}},"loc":{"start":{"line":102,"column":34},"end":{"line":104,"column":1}},"line":102},"2":{"name":"commonAfterEach","decl":{"start":{"line":106,"column":15},"end":{"line":106,"column":30}},"loc":{"start":{"line":106,"column":33},"end":{"line":108,"column":1}},"line":106},"3":{"name":"commonAfterAll","decl":{"start":{"line":110,"column":15},"end":{"line":110,"column":29}},"loc":{"start":{"line":110,"column":32},"end":{"line":112,"column":1}},"line":110}},"branchMap":{},"s":{"0":4,"1":4,"2":4,"3":4,"4":4,"5":4,"6":4,"7":4,"8":4,"9":4,"10":4,"11":4,"12":4,"13":4,"14":4,"15":4,"16":4,"17":4,"18":4,"19":4,"20":4,"21":84,"22":84,"23":4,"24":4,"25":4,"26":4,"27":4},"f":{"0":4,"1":84,"2":84,"3":4},"b":{},"_coverageSchema":"1a1c01bbd47fc00a2c39e90264f33305004495a9","hash":"da8af52f360a9e850b86bcb0e86f3eac5d49f006"}
,"/home/matthu/Documents/springboard/Exercises/express-jobly/routes/auth.js": {"path":"/home/matthu/Documents/springboard/Exercises/express-jobly/routes/auth.js","statementMap":{"0":{"start":{"line":5,"column":19},"end":{"line":5,"column":40}},"1":{"start":{"line":7,"column":13},"end":{"line":7,"column":38}},"2":{"start":{"line":8,"column":16},"end":{"line":8,"column":34}},"3":{"start":{"line":9,"column":15},"end":{"line":9,"column":35}},"4":{"start":{"line":10,"column":24},"end":{"line":10,"column":52}},"5":{"start":{"line":11,"column":23},"end":{"line":11,"column":58}},"6":{"start":{"line":12,"column":27},"end":{"line":12,"column":66}},"7":{"start":{"line":13,"column":28},"end":{"line":13,"column":54}},"8":{"start":{"line":22,"column":0},"end":{"line":37,"column":3}},"9":{"start":{"line":23,"column":2},"end":{"line":36,"column":3}},"10":{"start":{"line":24,"column":22},"end":{"line":24,"column":67}},"11":{"start":{"line":25,"column":4},"end":{"line":28,"column":5}},"12":{"start":{"line":26,"column":19},"end":{"line":26,"column":55}},"13":{"start":{"line":26,"column":47},"end":{"line":26,"column":54}},"14":{"start":{"line":27,"column":6},"end":{"line":27,"column":38}},"15":{"start":{"line":30,"column":35},"end":{"line":30,"column":43}},"16":{"start":{"line":31,"column":17},"end":{"line":31,"column":60}},"17":{"start":{"line":32,"column":18},"end":{"line":32,"column":35}},"18":{"start":{"line":33,"column":4},"end":{"line":33,"column":31}},"19":{"start":{"line":35,"column":4},"end":{"line":35,"column":21}},"20":{"start":{"line":48,"column":0},"end":{"line":62,"column":3}},"21":{"start":{"line":49,"column":2},"end":{"line":61,"column":3}},"22":{"start":{"line":50,"column":22},"end":{"line":50,"column":71}},"23":{"start":{"line":51,"column":4},"end":{"line":54,"column":5}},"24":{"start":{"line":52,"column":19},"end":{"line":52,"column":55}},"25":{"start":{"line":52,"column":47},"end":{"line":52,"column":54}},"26":{"start":{"line":53,"column":6},"end":{"line":53,"column":38}},"27":{"start":{"line":56,"column":20},"end":{"line":56,"column":72}},"28":{"start":{"line":57,"column":18},"end":{"line":57,"column":38}},"29":{"start":{"line":58,"column":4},"end":{"line":58,"column":43}},"30":{"start":{"line":60,"column":4},"end":{"line":60,"column":21}},"31":{"start":{"line":64,"column":0},"end":{"line":64,"column":24}}},"fnMap":{"0":{"name":"(anonymous_0)","decl":{"start":{"line":22,"column":22},"end":{"line":22,"column":23}},"loc":{"start":{"line":22,"column":54},"end":{"line":37,"column":1}},"line":22},"1":{"name":"(anonymous_1)","decl":{"start":{"line":26,"column":40},"end":{"line":26,"column":41}},"loc":{"start":{"line":26,"column":47},"end":{"line":26,"column":54}},"line":26},"2":{"name":"(anonymous_2)","decl":{"start":{"line":48,"column":25},"end":{"line":48,"column":26}},"loc":{"start":{"line":48,"column":57},"end":{"line":62,"column":1}},"line":48},"3":{"name":"(anonymous_3)","decl":{"start":{"line":52,"column":40},"end":{"line":52,"column":41}},"loc":{"start":{"line":52,"column":47},"end":{"line":52,"column":54}},"line":52}},"branchMap":{"0":{"loc":{"start":{"line":25,"column":4},"end":{"line":28,"column":5}},"type":"if","locations":[{"start":{"line":25,"column":4},"end":{"line":28,"column":5}},{"start":{},"end":{}}],"line":25},"1":{"loc":{"start":{"line":51,"column":4},"end":{"line":54,"column":5}},"type":"if","locations":[{"start":{"line":51,"column":4},"end":{"line":54,"column":5}},{"start":{},"end":{}}],"line":51}},"s":{"0":5,"1":5,"2":5,"3":5,"4":5,"5":5,"6":5,"7":5,"8":5,"9":5,"10":5,"11":5,"12":2,"13":2,"14":2,"15":3,"16":3,"17":1,"18":1,"19":4,"20":5,"21":3,"22":3,"23":3,"24":2,"25":5,"26":2,"27":1,"28":1,"29":1,"30":2,"31":5},"f":{"0":5,"1":2,"2":3,"3":5},"b":{"0":[2,3],"1":[2,1]},"_coverageSchema":"1a1c01bbd47fc00a2c39e90264f33305004495a9","hash":"59e910f0738aa514bfaad411e3756aba0c5f4075"}
,"/home/matthu/Documents/springboard/Exercises/express-jobly/routes/companies.js": {"path":"/home/matthu/Documents/springboard/Exercises/express-jobly/routes/companies.js","statementMap":{"0":{"start":{"line":5,"column":19},"end":{"line":5,"column":40}},"1":{"start":{"line":6,"column":16},"end":{"line":6,"column":34}},"2":{"start":{"line":8,"column":28},"end":{"line":8,"column":54}},"3":{"start":{"line":9,"column":42},"end":{"line":9,"column":71}},"4":{"start":{"line":10,"column":16},"end":{"line":10,"column":44}},"5":{"start":{"line":12,"column":25},"end":{"line":12,"column":62}},"6":{"start":{"line":13,"column":28},"end":{"line":13,"column":68}},"7":{"start":{"line":14,"column":28},"end":{"line":14,"column":68}},"8":{"start":{"line":16,"column":15},"end":{"line":16,"column":35}},"9":{"start":{"line":27,"column":0},"end":{"line":40,"column":3}},"10":{"start":{"line":28,"column":2},"end":{"line":39,"column":3}},"11":{"start":{"line":29,"column":22},"end":{"line":29,"column":69}},"12":{"start":{"line":30,"column":4},"end":{"line":33,"column":5}},"13":{"start":{"line":31,"column":19},"end":{"line":31,"column":55}},"14":{"start":{"line":31,"column":47},"end":{"line":31,"column":54}},"15":{"start":{"line":32,"column":6},"end":{"line":32,"column":38}},"16":{"start":{"line":35,"column":20},"end":{"line":35,"column":50}},"17":{"start":{"line":36,"column":4},"end":{"line":36,"column":45}},"18":{"start":{"line":38,"column":4},"end":{"line":38,"column":21}},"19":{"start":{"line":53,"column":0},"end":{"line":71,"column":3}},"20":{"start":{"line":54,"column":12},"end":{"line":54,"column":21}},"21":{"start":{"line":56,"column":2},"end":{"line":56,"column":69}},"22":{"start":{"line":56,"column":36},"end":{"line":56,"column":69}},"23":{"start":{"line":57,"column":2},"end":{"line":57,"column":69}},"24":{"start":{"line":57,"column":36},"end":{"line":57,"column":69}},"25":{"start":{"line":59,"column":2},"end":{"line":70,"column":3}},"26":{"start":{"line":60,"column":22},"end":{"line":60,"column":65}},"27":{"start":{"line":61,"column":4},"end":{"line":64,"column":5}},"28":{"start":{"line":62,"column":19},"end":{"line":62,"column":55}},"29":{"start":{"line":62,"column":47},"end":{"line":62,"column":54}},"30":{"start":{"line":63,"column":6},"end":{"line":63,"column":38}},"31":{"start":{"line":66,"column":22},"end":{"line":66,"column":46}},"32":{"start":{"line":67,"column":4},"end":{"line":67,"column":35}},"33":{"start":{"line":69,"column":4},"end":{"line":69,"column":21}},"34":{"start":{"line":81,"column":0},"end":{"line":88,"column":3}},"35":{"start":{"line":82,"column":2},"end":{"line":87,"column":3}},"36":{"start":{"line":83,"column":20},"end":{"line":83,"column":56}},"37":{"start":{"line":84,"column":4},"end":{"line":84,"column":33}},"38":{"start":{"line":86,"column":4},"end":{"line":86,"column":21}},"39":{"start":{"line":101,"column":0},"end":{"line":114,"column":3}},"40":{"start":{"line":102,"column":2},"end":{"line":113,"column":3}},"41":{"start":{"line":103,"column":22},"end":{"line":103,"column":72}},"42":{"start":{"line":104,"column":4},"end":{"line":107,"column":5}},"43":{"start":{"line":105,"column":19},"end":{"line":105,"column":55}},"44":{"start":{"line":105,"column":47},"end":{"line":105,"column":54}},"45":{"start":{"line":106,"column":6},"end":{"line":106,"column":38}},"46":{"start":{"line":109,"column":20},"end":{"line":109,"column":69}},"47":{"start":{"line":110,"column":4},"end":{"line":110,"column":33}},"48":{"start":{"line":112,"column":4},"end":{"line":112,"column":21}},"49":{"start":{"line":121,"column":0},"end":{"line":128,"column":3}},"50":{"start":{"line":122,"column":2},"end":{"line":127,"column":3}},"51":{"start":{"line":123,"column":4},"end":{"line":123,"column":44}},"52":{"start":{"line":124,"column":4},"end":{"line":124,"column":52}},"53":{"start":{"line":126,"column":4},"end":{"line":126,"column":21}},"54":{"start":{"line":130,"column":0},"end":{"line":130,"column":24}}},"fnMap":{"0":{"name":"(anonymous_0)","decl":{"start":{"line":27,"column":32},"end":{"line":27,"column":33}},"loc":{"start":{"line":27,"column":64},"end":{"line":40,"column":1}},"line":27},"1":{"name":"(anonymous_1)","decl":{"start":{"line":31,"column":40},"end":{"line":31,"column":41}},"loc":{"start":{"line":31,"column":47},"end":{"line":31,"column":54}},"line":31},"2":{"name":"(anonymous_2)","decl":{"start":{"line":53,"column":16},"end":{"line":53,"column":17}},"loc":{"start":{"line":53,"column":48},"end":{"line":71,"column":1}},"line":53},"3":{"name":"(anonymous_3)","decl":{"start":{"line":62,"column":40},"end":{"line":62,"column":41}},"loc":{"start":{"line":62,"column":47},"end":{"line":62,"column":54}},"line":62},"4":{"name":"(anonymous_4)","decl":{"start":{"line":81,"column":23},"end":{"line":81,"column":24}},"loc":{"start":{"line":81,"column":55},"end":{"line":88,"column":1}},"line":81},"5":{"name":"(anonymous_5)","decl":{"start":{"line":101,"column":40},"end":{"line":101,"column":41}},"loc":{"start":{"line":101,"column":72},"end":{"line":114,"column":1}},"line":101},"6":{"name":"(anonymous_6)","decl":{"start":{"line":105,"column":40},"end":{"line":105,"column":41}},"loc":{"start":{"line":105,"column":47},"end":{"line":105,"column":54}},"line":105},"7":{"name":"(anonymous_7)","decl":{"start":{"line":121,"column":41},"end":{"line":121,"column":42}},"loc":{"start":{"line":121,"column":73},"end":{"line":128,"column":1}},"line":121}},"branchMap":{"0":{"loc":{"start":{"line":30,"column":4},"end":{"line":33,"column":5}},"type":"if","locations":[{"start":{"line":30,"column":4},"end":{"line":33,"column":5}},{"start":{},"end":{}}],"line":30},"1":{"loc":{"start":{"line":56,"column":2},"end":{"line":56,"column":69}},"type":"if","locations":[{"start":{"line":56,"column":2},"end":{"line":56,"column":69}},{"start":{},"end":{}}],"line":56},"2":{"loc":{"start":{"line":57,"column":2},"end":{"line":57,"column":69}},"type":"if","locations":[{"start":{"line":57,"column":2},"end":{"line":57,"column":69}},{"start":{},"end":{}}],"line":57},"3":{"loc":{"start":{"line":61,"column":4},"end":{"line":64,"column":5}},"type":"if","locations":[{"start":{"line":61,"column":4},"end":{"line":64,"column":5}},{"start":{},"end":{}}],"line":61},"4":{"loc":{"start":{"line":104,"column":4},"end":{"line":107,"column":5}},"type":"if","locations":[{"start":{"line":104,"column":4},"end":{"line":107,"column":5}},{"start":{},"end":{}}],"line":104}},"s":{"0":5,"1":5,"2":5,"3":5,"4":5,"5":5,"6":5,"7":5,"8":5,"9":5,"10":3,"11":3,"12":3,"13":2,"14":3,"15":2,"16":1,"17":1,"18":2,"19":5,"20":5,"21":5,"22":2,"23":5,"24":2,"25":5,"26":5,"27":5,"28":1,"29":1,"30":1,"31":4,"32":3,"33":2,"34":5,"35":3,"36":3,"37":2,"38":1,"39":5,"40":4,"41":4,"42":4,"43":2,"44":2,"45":2,"46":2,"47":1,"48":3,"49":5,"50":2,"51":2,"52":1,"53":1,"54":5},"f":{"0":3,"1":3,"2":5,"3":1,"4":3,"5":4,"6":2,"7":2},"b":{"0":[2,1],"1":[2,3],"2":[2,3],"3":[1,4],"4":[2,2]},"_coverageSchema":"1a1c01bbd47fc00a2c39e90264f33305004495a9","hash":"d77927443595c6da50d7fe46b25826713134a90f"}
,"/home/matthu/Documents/springboard/Exercises/express-jobly/routes/jobs.js": {"path":"/home/matthu/Documents/springboard/Exercises/express-jobly/routes/jobs.js","statementMap":{"0":{"start":{"line":5,"column":19},"end":{"line":5,"column":40}},"1":{"start":{"line":6,"column":16},"end":{"line":6,"column":34}},"2":{"start":{"line":8,"column":28},"end":{"line":8,"column":54}},"3":{"start":{"line":9,"column":26},"end":{"line":9,"column":55}},"4":{"start":{"line":10,"column":12},"end":{"line":10,"column":36}},"5":{"start":{"line":12,"column":21},"end":{"line":12,"column":54}},"6":{"start":{"line":13,"column":24},"end":{"line":13,"column":60}},"7":{"start":{"line":14,"column":24},"end":{"line":14,"column":60}},"8":{"start":{"line":16,"column":15},"end":{"line":16,"column":35}},"9":{"start":{"line":27,"column":0},"end":{"line":40,"column":3}},"10":{"start":{"line":28,"column":2},"end":{"line":39,"column":3}},"11":{"start":{"line":29,"column":22},"end":{"line":29,"column":65}},"12":{"start":{"line":30,"column":4},"end":{"line":33,"column":5}},"13":{"start":{"line":31,"column":19},"end":{"line":31,"column":55}},"14":{"start":{"line":31,"column":47},"end":{"line":31,"column":54}},"15":{"start":{"line":32,"column":6},"end":{"line":32,"column":38}},"16":{"start":{"line":35,"column":16},"end":{"line":35,"column":42}},"17":{"start":{"line":36,"column":4},"end":{"line":36,"column":41}},"18":{"start":{"line":38,"column":4},"end":{"line":38,"column":21}},"19":{"start":{"line":50,"column":0},"end":{"line":67,"column":3}},"20":{"start":{"line":51,"column":12},"end":{"line":51,"column":21}},"21":{"start":{"line":53,"column":2},"end":{"line":53,"column":60}},"22":{"start":{"line":53,"column":33},"end":{"line":53,"column":60}},"23":{"start":{"line":54,"column":2},"end":{"line":54,"column":49}},"24":{"start":{"line":54,"column":30},"end":{"line":54,"column":49}},"25":{"start":{"line":55,"column":2},"end":{"line":66,"column":3}},"26":{"start":{"line":56,"column":22},"end":{"line":56,"column":61}},"27":{"start":{"line":57,"column":4},"end":{"line":60,"column":5}},"28":{"start":{"line":58,"column":19},"end":{"line":58,"column":55}},"29":{"start":{"line":58,"column":47},"end":{"line":58,"column":54}},"30":{"start":{"line":59,"column":6},"end":{"line":59,"column":38}},"31":{"start":{"line":62,"column":17},"end":{"line":62,"column":37}},"32":{"start":{"line":63,"column":4},"end":{"line":63,"column":30}},"33":{"start":{"line":65,"column":4},"end":{"line":65,"column":21}},"34":{"start":{"line":77,"column":0},"end":{"line":84,"column":3}},"35":{"start":{"line":78,"column":2},"end":{"line":83,"column":3}},"36":{"start":{"line":79,"column":16},"end":{"line":79,"column":44}},"37":{"start":{"line":80,"column":4},"end":{"line":80,"column":29}},"38":{"start":{"line":82,"column":4},"end":{"line":82,"column":19}},"39":{"start":{"line":97,"column":0},"end":{"line":110,"column":3}},"40":{"start":{"line":98,"column":2},"end":{"line":109,"column":3}},"41":{"start":{"line":99,"column":22},"end":{"line":99,"column":68}},"42":{"start":{"line":100,"column":4},"end":{"line":103,"column":5}},"43":{"start":{"line":101,"column":19},"end":{"line":101,"column":55}},"44":{"start":{"line":101,"column":47},"end":{"line":101,"column":54}},"45":{"start":{"line":102,"column":6},"end":{"line":102,"column":38}},"46":{"start":{"line":105,"column":16},"end":{"line":105,"column":57}},"47":{"start":{"line":106,"column":4},"end":{"line":106,"column":29}},"48":{"start":{"line":108,"column":4},"end":{"line":108,"column":21}},"49":{"start":{"line":117,"column":0},"end":{"line":124,"column":3}},"50":{"start":{"line":118,"column":2},"end":{"line":123,"column":3}},"51":{"start":{"line":119,"column":4},"end":{"line":119,"column":36}},"52":{"start":{"line":120,"column":4},"end":{"line":120,"column":61}},"53":{"start":{"line":122,"column":4},"end":{"line":122,"column":21}},"54":{"start":{"line":126,"column":0},"end":{"line":126,"column":24}}},"fnMap":{"0":{"name":"(anonymous_0)","decl":{"start":{"line":27,"column":32},"end":{"line":27,"column":33}},"loc":{"start":{"line":27,"column":64},"end":{"line":40,"column":1}},"line":27},"1":{"name":"(anonymous_1)","decl":{"start":{"line":31,"column":40},"end":{"line":31,"column":41}},"loc":{"start":{"line":31,"column":47},"end":{"line":31,"column":54}},"line":31},"2":{"name":"(anonymous_2)","decl":{"start":{"line":50,"column":16},"end":{"line":50,"column":17}},"loc":{"start":{"line":50,"column":48},"end":{"line":67,"column":1}},"line":50},"3":{"name":"(anonymous_3)","decl":{"start":{"line":58,"column":40},"end":{"line":58,"column":41}},"loc":{"start":{"line":58,"column":47},"end":{"line":58,"column":54}},"line":58},"4":{"name":"(anonymous_4)","decl":{"start":{"line":77,"column":19},"end":{"line":77,"column":20}},"loc":{"start":{"line":77,"column":51},"end":{"line":84,"column":1}},"line":77},"5":{"name":"(anonymous_5)","decl":{"start":{"line":97,"column":36},"end":{"line":97,"column":37}},"loc":{"start":{"line":97,"column":68},"end":{"line":110,"column":1}},"line":97},"6":{"name":"(anonymous_6)","decl":{"start":{"line":101,"column":40},"end":{"line":101,"column":41}},"loc":{"start":{"line":101,"column":47},"end":{"line":101,"column":54}},"line":101},"7":{"name":"(anonymous_7)","decl":{"start":{"line":117,"column":37},"end":{"line":117,"column":38}},"loc":{"start":{"line":117,"column":69},"end":{"line":124,"column":1}},"line":117}},"branchMap":{"0":{"loc":{"start":{"line":30,"column":4},"end":{"line":33,"column":5}},"type":"if","locations":[{"start":{"line":30,"column":4},"end":{"line":33,"column":5}},{"start":{},"end":{}}],"line":30},"1":{"loc":{"start":{"line":53,"column":2},"end":{"line":53,"column":60}},"type":"if","locations":[{"start":{"line":53,"column":2},"end":{"line":53,"column":60}},{"start":{},"end":{}}],"line":53},"2":{"loc":{"start":{"line":54,"column":2},"end":{"line":54,"column":49}},"type":"if","locations":[{"start":{"line":54,"column":2},"end":{"line":54,"column":49}},{"start":{},"end":{}}],"line":54},"3":{"loc":{"start":{"line":57,"column":4},"end":{"line":60,"column":5}},"type":"if","locations":[{"start":{"line":57,"column":4},"end":{"line":60,"column":5}},{"start":{},"end":{}}],"line":57},"4":{"loc":{"start":{"line":100,"column":4},"end":{"line":103,"column":5}},"type":"if","locations":[{"start":{"line":100,"column":4},"end":{"line":103,"column":5}},{"start":{},"end":{}}],"line":100}},"s":{"0":5,"1":5,"2":5,"3":5,"4":5,"5":5,"6":5,"7":5,"8":5,"9":5,"10":3,"11":3,"12":3,"13":2,"14":2,"15":2,"16":1,"17":1,"18":2,"19":5,"20":5,"21":5,"22":3,"23":5,"24":1,"25":5,"26":5,"27":5,"28":1,"29":1,"30":1,"31":4,"32":3,"33":2,"34":5,"35":2,"36":2,"37":1,"38":1,"39":5,"40":4,"41":4,"42":4,"43":2,"44":2,"45":2,"46":2,"47":1,"48":3,"49":5,"50":2,"51":2,"52":1,"53":1,"54":5},"f":{"0":3,"1":2,"2":5,"3":1,"4":2,"5":4,"6":2,"7":2},"b":{"0":[2,1],"1":[3,2],"2":[1,4],"3":[1,4],"4":[2,2]},"_coverageSchema":"1a1c01bbd47fc00a2c39e90264f33305004495a9","hash":"ba100c0baecafcdafdee4735fcebb91f5bcb3022"}
,"/home/matthu/Documents/springboard/Exercises/express-jobly/routes/users.js": {"path":"/home/matthu/Documents/springboard/Exercises/express-jobly/routes/users.js","statementMap":{"0":{"start":{"line":5,"column":19},"end":{"line":5,"column":40}},"1":{"start":{"line":7,"column":16},"end":{"line":7,"column":34}},"2":{"start":{"line":8,"column":49},"end":{"line":8,"column":78}},"3":{"start":{"line":9,"column":28},"end":{"line":9,"column":54}},"4":{"start":{"line":10,"column":13},"end":{"line":10,"column":38}},"5":{"start":{"line":11,"column":24},"end":{"line":11,"column":52}},"6":{"start":{"line":12,"column":22},"end":{"line":12,"column":56}},"7":{"start":{"line":13,"column":25},"end":{"line":13,"column":62}},"8":{"start":{"line":15,"column":15},"end":{"line":15,"column":31}},"9":{"start":{"line":29,"column":0},"end":{"line":43,"column":3}},"10":{"start":{"line":30,"column":2},"end":{"line":42,"column":3}},"11":{"start":{"line":31,"column":22},"end":{"line":31,"column":66}},"12":{"start":{"line":32,"column":4},"end":{"line":35,"column":5}},"13":{"start":{"line":33,"column":19},"end":{"line":33,"column":55}},"14":{"start":{"line":33,"column":47},"end":{"line":33,"column":54}},"15":{"start":{"line":34,"column":6},"end":{"line":34,"column":38}},"16":{"start":{"line":37,"column":17},"end":{"line":37,"column":46}},"17":{"start":{"line":38,"column":18},"end":{"line":38,"column":35}},"18":{"start":{"line":39,"column":4},"end":{"line":39,"column":49}},"19":{"start":{"line":41,"column":4},"end":{"line":41,"column":21}},"20":{"start":{"line":52,"column":0},"end":{"line":59,"column":3}},"21":{"start":{"line":53,"column":2},"end":{"line":58,"column":3}},"22":{"start":{"line":54,"column":18},"end":{"line":54,"column":38}},"23":{"start":{"line":55,"column":4},"end":{"line":55,"column":31}},"24":{"start":{"line":57,"column":4},"end":{"line":57,"column":21}},"25":{"start":{"line":68,"column":0},"end":{"line":79,"column":2}},"26":{"start":{"line":72,"column":4},"end":{"line":77,"column":5}},"27":{"start":{"line":73,"column":19},"end":{"line":73,"column":54}},"28":{"start":{"line":74,"column":6},"end":{"line":74,"column":32}},"29":{"start":{"line":76,"column":6},"end":{"line":76,"column":23}},"30":{"start":{"line":91,"column":0},"end":{"line":109,"column":2}},"31":{"start":{"line":95,"column":4},"end":{"line":107,"column":5}},"32":{"start":{"line":96,"column":6},"end":{"line":96,"column":28}},"33":{"start":{"line":97,"column":24},"end":{"line":97,"column":71}},"34":{"start":{"line":98,"column":6},"end":{"line":101,"column":7}},"35":{"start":{"line":99,"column":21},"end":{"line":99,"column":57}},"36":{"start":{"line":99,"column":49},"end":{"line":99,"column":56}},"37":{"start":{"line":100,"column":8},"end":{"line":100,"column":40}},"38":{"start":{"line":103,"column":19},"end":{"line":103,"column":67}},"39":{"start":{"line":104,"column":6},"end":{"line":104,"column":32}},"40":{"start":{"line":106,"column":6},"end":{"line":106,"column":23}},"41":{"start":{"line":116,"column":0},"end":{"line":127,"column":2}},"42":{"start":{"line":120,"column":4},"end":{"line":125,"column":5}},"43":{"start":{"line":121,"column":6},"end":{"line":121,"column":45}},"44":{"start":{"line":122,"column":6},"end":{"line":122,"column":56}},"45":{"start":{"line":124,"column":6},"end":{"line":124,"column":23}},"46":{"start":{"line":138,"column":0},"end":{"line":151,"column":2}},"47":{"start":{"line":142,"column":4},"end":{"line":149,"column":5}},"48":{"start":{"line":143,"column":20},"end":{"line":143,"column":34}},"49":{"start":{"line":144,"column":6},"end":{"line":144,"column":56}},"50":{"start":{"line":146,"column":6},"end":{"line":146,"column":42}},"51":{"start":{"line":148,"column":6},"end":{"line":148,"column":23}},"52":{"start":{"line":153,"column":0},"end":{"line":153,"column":24}}},"fnMap":{"0":{"name":"(anonymous_0)","decl":{"start":{"line":29,"column":32},"end":{"line":29,"column":33}},"loc":{"start":{"line":29,"column":64},"end":{"line":43,"column":1}},"line":29},"1":{"name":"(anonymous_1)","decl":{"start":{"line":33,"column":40},"end":{"line":33,"column":41}},"loc":{"start":{"line":33,"column":47},"end":{"line":33,"column":54}},"line":33},"2":{"name":"(anonymous_2)","decl":{"start":{"line":52,"column":31},"end":{"line":52,"column":32}},"loc":{"start":{"line":52,"column":63},"end":{"line":59,"column":1}},"line":52},"3":{"name":"(anonymous_3)","decl":{"start":{"line":71,"column":2},"end":{"line":71,"column":3}},"loc":{"start":{"line":71,"column":34},"end":{"line":78,"column":3}},"line":71},"4":{"name":"(anonymous_4)","decl":{"start":{"line":94,"column":2},"end":{"line":94,"column":3}},"loc":{"start":{"line":94,"column":34},"end":{"line":108,"column":3}},"line":94},"5":{"name":"(anonymous_5)","decl":{"start":{"line":99,"column":42},"end":{"line":99,"column":43}},"loc":{"start":{"line":99,"column":49},"end":{"line":99,"column":56}},"line":99},"6":{"name":"(anonymous_6)","decl":{"start":{"line":119,"column":2},"end":{"line":119,"column":3}},"loc":{"start":{"line":119,"column":34},"end":{"line":126,"column":3}},"line":119},"7":{"name":"(anonymous_7)","decl":{"start":{"line":141,"column":2},"end":{"line":141,"column":3}},"loc":{"start":{"line":141,"column":34},"end":{"line":150,"column":3}},"line":141}},"branchMap":{"0":{"loc":{"start":{"line":32,"column":4},"end":{"line":35,"column":5}},"type":"if","locations":[{"start":{"line":32,"column":4},"end":{"line":35,"column":5}},{"start":{},"end":{}}],"line":32},"1":{"loc":{"start":{"line":98,"column":6},"end":{"line":101,"column":7}},"type":"if","locations":[{"start":{"line":98,"column":6},"end":{"line":101,"column":7}},{"start":{},"end":{}}],"line":98}},"s":{"0":5,"1":5,"2":5,"3":5,"4":5,"5":5,"6":5,"7":5,"8":5,"9":5,"10":4,"11":4,"12":4,"13":2,"14":5,"15":2,"16":2,"17":2,"18":2,"19":2,"20":5,"21":2,"22":2,"23":1,"24":1,"25":5,"26":3,"27":3,"28":2,"29":1,"30":5,"31":5,"32":5,"33":5,"34":5,"35":1,"36":1,"37":1,"38":4,"39":3,"40":2,"41":5,"42":3,"43":3,"44":2,"45":1,"46":5,"47":4,"48":4,"49":4,"50":2,"51":2,"52":5},"f":{"0":4,"1":5,"2":2,"3":3,"4":5,"5":1,"6":3,"7":4},"b":{"0":[2,2],"1":[1,4]},"_coverageSchema":"1a1c01bbd47fc00a2c39e90264f33305004495a9","hash":"5707e04f0466e6469637dee7fc0ced6ec7e89920"}
}
