TN:
SF:app.js
FN:31,(anonymous_0)
FN:36,(anonymous_1)
FNF:2
FNH:2
FNDA:2,(anonymous_0)
FNDA:57,(anonymous_1)
DA:5,5
DA:6,5
DA:8,5
DA:10,5
DA:11,5
DA:12,5
DA:13,5
DA:14,5
DA:16,5
DA:18,5
DA:20,5
DA:21,5
DA:22,5
DA:23,5
DA:25,5
DA:26,5
DA:27,5
DA:28,5
DA:31,5
DA:32,2
DA:36,5
DA:37,57
DA:38,57
DA:39,57
DA:41,57
DA:46,5
LF:26
LH:26
BRDA:37,0,0,1
BRDA:37,0,1,56
BRDA:38,1,0,57
BRDA:38,1,1,3
BRF:4
BRH:4
end_of_record
TN:
SF:config.js
FN:13,getDatabaseUri
FNF:1
FNH:1
FNDA:22,getDatabaseUri
DA:5,11
DA:6,11
DA:8,11
DA:10,11
DA:14,22
DA:22,11
DA:24,11
DA:25,11
DA:26,11
DA:27,11
DA:28,11
DA:29,11
DA:31,11
LF:13
LH:13
BRDA:8,0,0,11
BRDA:8,0,1,10
BRDA:10,1,0,11
BRDA:10,1,1,10
BRDA:14,2,0,19
BRDA:14,2,1,3
BRDA:16,3,0,3
BRDA:16,3,1,1
BRDA:22,4,0,10
BRDA:22,4,1,1
BRF:10
BRH:10
end_of_record
TN:
SF:db.js
FNF:0
FNH:0
DA:3,8
DA:4,8
DA:8,8
DA:9,0
DA:16,8
DA:21,8
DA:23,8
LF:7
LH:6
BRDA:8,0,0,0
BRDA:8,0,1,8
BRF:2
BRH:1
end_of_record
TN:
SF:expressError.js
FN:8,(anonymous_0)
FN:18,(anonymous_1)
FN:26,(anonymous_2)
FN:34,(anonymous_3)
FN:42,(anonymous_4)
FNF:5
FNH:4
FNDA:79,(anonymous_0)
FNDA:24,(anonymous_1)
FNDA:31,(anonymous_2)
FNDA:24,(anonymous_3)
FNDA:0,(anonymous_4)
DA:9,79
DA:10,79
DA:11,79
DA:19,24
DA:27,31
DA:35,24
DA:43,0
DA:47,10
LF:8
LH:7
BRDA:18,0,0,2
BRDA:26,1,0,27
BRDA:34,2,0,0
BRDA:42,3,0,0
BRF:4
BRH:2
end_of_record
TN:
SF:helpers/sql.js
FN:23,sqlForPartialUpdate
FN:29,(anonymous_1)
FNF:2
FNH:2
FNDA:22,sqlForPartialUpdate
FNDA:36,(anonymous_1)
DA:1,9
DA:24,22
DA:25,22
DA:28,18
DA:29,36
DA:32,18
DA:38,9
LF:7
LH:7
BRDA:25,0,0,4
BRDA:25,0,1,18
BRDA:29,1,0,36
BRDA:29,1,1,20
BRF:4
BRH:4
end_of_record
TN:
SF:helpers/tokens.js
FN:6,createToken
FNF:1
FNH:1
FNDA:19,createToken
DA:1,6
DA:2,6
DA:7,19
DA:10,19
DA:15,19
DA:18,6
LF:6
LH:6
BRDA:12,0,0,19
BRDA:12,0,1,13
BRF:2
BRH:2
end_of_record
TN:
SF:middleware/auth.js
FN:17,authenticateJWT
FN:35,ensureLoggedIn
FN:49,ensureIsAdmin
FN:66,ensureAdminOrSameUser
FNF:4
FNH:4
FNDA:89,authenticateJWT
FNDA:2,ensureLoggedIn
FNDA:41,ensureIsAdmin
FNDA:27,ensureAdminOrSameUser
DA:5,6
DA:6,6
DA:7,6
DA:18,89
DA:19,89
DA:20,89
DA:21,55
DA:22,55
DA:24,88
DA:26,1
DA:36,2
DA:37,2
DA:38,1
DA:40,1
DA:50,41
DA:51,41
DA:52,16
DA:54,25
DA:56,16
DA:67,27
DA:68,27
DA:70,27
DA:71,10
DA:73,17
DA:75,10
DA:79,6
LF:26
LH:26
BRDA:19,0,0,89
BRDA:19,0,1,88
BRDA:20,1,0,55
BRDA:20,1,1,34
BRDA:37,2,0,1
BRDA:37,2,1,1
BRDA:51,3,0,16
BRDA:51,3,1,25
BRDA:51,4,0,41
BRDA:51,4,1,34
BRDA:70,5,0,10
BRDA:70,5,1,17
BRDA:70,6,0,27
BRDA:70,6,1,22
BRDA:70,6,2,17
BRF:15
BRH:15
end_of_record
TN:
SF:models/_testCommon.js
FN:8,commonBeforeAll
FN:48,(anonymous_1)
FN:57,commonBeforeEach
FN:61,commonAfterEach
FN:65,commonAfterAll
FNF:5
FNH:5
FNDA:3,commonBeforeAll
FNDA:12,(anonymous_1)
FNDA:48,commonBeforeEach
FNDA:48,commonAfterEach
FNDA:3,commonAfterAll
DA:1,3
DA:3,3
DA:4,3
DA:6,3
DA:10,3
DA:12,3
DA:14,3
DA:16,3
DA:18,3
DA:24,3
DA:40,3
DA:48,12
DA:50,3
DA:58,48
DA:62,48
DA:66,3
DA:69,3
LF:17
LH:17
BRF:0
BRH:0
end_of_record
TN:
SF:models/company.js
FN:19,(anonymous_0)
FN:52,(anonymous_1)
FN:110,(anonymous_2)
FN:154,(anonymous_3)
FN:182,(anonymous_4)
FNF:5
FNH:5
FNDA:16,(anonymous_0)
FNDA:11,(anonymous_1)
FNDA:5,(anonymous_2)
FNDA:6,(anonymous_3)
FNDA:4,(anonymous_4)
DA:3,6
DA:4,6
DA:5,6
DA:20,16
DA:27,16
DA:28,1
DA:30,15
DA:37,15
DA:39,15
DA:53,11
DA:61,11
DA:63,11
DA:65,11
DA:67,11
DA:68,1
DA:75,10
DA:76,4
DA:77,4
DA:80,10
DA:81,3
DA:82,3
DA:85,10
DA:86,3
DA:87,3
DA:91,10
DA:92,7
DA:97,10
DA:98,10
DA:99,9
DA:111,5
DA:122,5
DA:124,5
DA:126,3
DA:137,3
DA:139,3
DA:155,6
DA:159,5
DA:161,5
DA:169,5
DA:170,5
DA:172,5
DA:174,3
DA:183,4
DA:190,4
DA:192,4
DA:196,6
LF:46
LH:46
BRDA:27,0,0,1
BRDA:27,0,1,15
BRDA:52,1,0,1
BRDA:67,2,0,1
BRDA:67,2,1,10
BRDA:75,3,0,4
BRDA:75,3,1,6
BRDA:80,4,0,3
BRDA:80,4,1,7
BRDA:85,5,0,3
BRDA:85,5,1,7
BRDA:91,6,0,7
BRDA:91,6,1,3
BRDA:124,7,0,2
BRDA:124,7,1,3
BRDA:172,8,0,2
BRDA:172,8,1,3
BRDA:192,9,0,2
BRDA:192,9,1,2
BRF:19
BRH:19
end_of_record
TN:
SF:models/job.js
FN:17,(anonymous_0)
FN:44,(anonymous_1)
FN:101,(anonymous_2)
FN:145,(anonymous_3)
FN:171,(anonymous_4)
FNF:5
FNH:5
FNDA:14,(anonymous_0)
FNDA:9,(anonymous_1)
FNDA:4,(anonymous_2)
FNDA:5,(anonymous_3)
FNDA:4,(anonymous_4)
DA:3,6
DA:4,6
DA:5,6
DA:18,14
DA:29,14
DA:31,14
DA:45,9
DA:55,9
DA:56,9
DA:58,9
DA:64,9
DA:65,3
DA:66,3
DA:70,9
DA:71,2
DA:74,9
DA:75,3
DA:76,3
DA:80,9
DA:81,6
DA:85,9
DA:87,9
DA:89,8
DA:102,4
DA:113,4
DA:115,4
DA:117,2
DA:127,2
DA:128,2
DA:130,2
DA:146,5
DA:147,4
DA:149,4
DA:158,4
DA:159,4
DA:161,4
DA:163,2
DA:172,4
DA:180,4
DA:182,4
DA:186,6
LF:41
LH:41
BRDA:44,0,0,1
BRDA:64,1,0,3
BRDA:64,1,1,6
BRDA:70,2,0,2
BRDA:70,2,1,7
BRDA:74,3,0,3
BRDA:74,3,1,6
BRDA:80,4,0,6
BRDA:80,4,1,3
BRDA:115,5,0,2
BRDA:115,5,1,2
BRDA:161,6,0,2
BRDA:161,6,1,2
BRDA:182,7,0,2
BRDA:182,7,1,2
BRF:15
BRH:15
end_of_record
TN:
SF:models/user.js
FN:24,(anonymous_0)
FN:59,(anonymous_1)
FN:105,(anonymous_2)
FN:125,(anonymous_3)
FN:145,(anonymous_4)
FN:181,(anonymous_5)
FN:212,(anonymous_6)
FN:231,(anonymous_7)
FNF:8
FNH:8
FNDA:7,(anonymous_0)
FNDA:19,(anonymous_1)
FNDA:3,(anonymous_2)
FNDA:5,(anonymous_3)
FNDA:5,(anonymous_4)
FNDA:8,(anonymous_5)
FNDA:5,(anonymous_6)
FNDA:15,(anonymous_7)
DA:3,6
DA:4,6
DA:5,6
DA:10,6
DA:12,6
DA:26,7
DA:38,7
DA:40,7
DA:42,4
DA:43,4
DA:44,3
DA:45,3
DA:49,4
DA:67,19
DA:74,19
DA:75,1
DA:78,18
DA:80,18
DA:93,18
DA:95,18
DA:106,3
DA:116,2
DA:118,2
DA:123,2
DA:125,2
DA:126,5
DA:127,5
DA:128,10
DA:129,4
DA:134,2
DA:146,5
DA:157,5
DA:159,5
DA:161,3
DA:182,8
DA:183,2
DA:186,8
DA:191,7
DA:193,7
DA:201,7
DA:202,7
DA:204,7
DA:206,5
DA:207,5
DA:213,5
DA:220,5
DA:222,5
DA:233,15
DA:240,15
DA:242,15
DA:245,13
DA:252,13
DA:254,13
DA:257,11
DA:265,6
LF:55
LH:55
BRDA:40,0,0,4
BRDA:40,0,1,3
BRDA:43,1,0,3
BRDA:43,1,1,1
BRDA:74,2,0,1
BRDA:74,2,1,18
BRDA:128,3,0,4
BRDA:128,3,1,6
BRDA:159,4,0,2
BRDA:159,4,1,3
BRDA:182,5,0,2
BRDA:182,5,1,6
BRDA:204,6,0,2
BRDA:204,6,1,5
BRDA:222,7,0,2
BRDA:222,7,1,3
BRDA:242,8,0,2
BRDA:242,8,1,13
BRDA:254,9,0,2
BRDA:254,9,1,11
BRF:20
BRH:20
end_of_record
TN:
SF:routes/_testCommon.js
FN:11,commonBeforeAll
FN:102,commonBeforeEach
FN:106,commonAfterEach
FN:110,commonAfterAll
FNF:4
FNH:4
FNDA:4,commonBeforeAll
FNDA:84,commonBeforeEach
FNDA:84,commonAfterEach
FNDA:4,commonAfterAll
DA:3,4
DA:4,4
DA:5,4
DA:6,4
DA:7,4
DA:9,4
DA:13,4
DA:15,4
DA:17,4
DA:19,4
DA:22,4
DA:29,4
DA:36,4
DA:46,4
DA:54,4
DA:62,4
DA:72,4
DA:80,4
DA:88,4
DA:98,4
DA:99,4
DA:103,84
DA:107,84
DA:111,4
DA:114,4
DA:115,4
DA:116,4
DA:118,4
LF:28
LH:28
BRF:0
BRH:0
end_of_record
TN:
SF:routes/auth.js
FN:22,(anonymous_0)
FN:26,(anonymous_1)
FN:48,(anonymous_2)
FN:52,(anonymous_3)
FNF:4
FNH:4
FNDA:5,(anonymous_0)
FNDA:2,(anonymous_1)
FNDA:3,(anonymous_2)
FNDA:5,(anonymous_3)
DA:5,5
DA:7,5
DA:8,5
DA:9,5
DA:10,5
DA:11,5
DA:12,5
DA:13,5
DA:22,5
DA:23,5
DA:24,5
DA:25,5
DA:26,2
DA:27,2
DA:30,3
DA:31,3
DA:32,1
DA:33,1
DA:35,4
DA:48,5
DA:49,3
DA:50,3
DA:51,3
DA:52,5
DA:53,2
DA:56,1
DA:57,1
DA:58,1
DA:60,2
DA:64,5
LF:30
LH:30
BRDA:25,0,0,2
BRDA:25,0,1,3
BRDA:51,1,0,2
BRDA:51,1,1,1
BRF:4
BRH:4
end_of_record
TN:
SF:routes/companies.js
FN:27,(anonymous_0)
FN:31,(anonymous_1)
FN:53,(anonymous_2)
FN:62,(anonymous_3)
FN:81,(anonymous_4)
FN:101,(anonymous_5)
FN:105,(anonymous_6)
FN:121,(anonymous_7)
FNF:8
FNH:8
FNDA:3,(anonymous_0)
FNDA:3,(anonymous_1)
FNDA:5,(anonymous_2)
FNDA:1,(anonymous_3)
FNDA:3,(anonymous_4)
FNDA:4,(anonymous_5)
FNDA:2,(anonymous_6)
FNDA:2,(anonymous_7)
DA:5,5
DA:6,5
DA:8,5
DA:9,5
DA:10,5
DA:12,5
DA:13,5
DA:14,5
DA:16,5
DA:27,5
DA:28,3
DA:29,3
DA:30,3
DA:31,3
DA:32,2
DA:35,1
DA:36,1
DA:38,2
DA:53,5
DA:54,5
DA:56,5
DA:57,5
DA:59,5
DA:60,5
DA:61,5
DA:62,1
DA:63,1
DA:66,4
DA:67,3
DA:69,2
DA:81,5
DA:82,3
DA:83,3
DA:84,2
DA:86,1
DA:101,5
DA:102,4
DA:103,4
DA:104,4
DA:105,2
DA:106,2
DA:109,2
DA:110,1
DA:112,3
DA:121,5
DA:122,2
DA:123,2
DA:124,1
DA:126,1
DA:130,5
LF:50
LH:50
BRDA:30,0,0,2
BRDA:30,0,1,1
BRDA:56,1,0,2
BRDA:56,1,1,3
BRDA:57,2,0,2
BRDA:57,2,1,3
BRDA:61,3,0,1
BRDA:61,3,1,4
BRDA:104,4,0,2
BRDA:104,4,1,2
BRF:10
BRH:10
end_of_record
TN:
SF:routes/jobs.js
FN:27,(anonymous_0)
FN:31,(anonymous_1)
FN:50,(anonymous_2)
FN:58,(anonymous_3)
FN:77,(anonymous_4)
FN:97,(anonymous_5)
FN:101,(anonymous_6)
FN:117,(anonymous_7)
FNF:8
FNH:8
FNDA:3,(anonymous_0)
FNDA:2,(anonymous_1)
FNDA:5,(anonymous_2)
FNDA:1,(anonymous_3)
FNDA:2,(anonymous_4)
FNDA:4,(anonymous_5)
FNDA:2,(anonymous_6)
FNDA:2,(anonymous_7)
DA:5,5
DA:6,5
DA:8,5
DA:9,5
DA:10,5
DA:12,5
DA:13,5
DA:14,5
DA:16,5
DA:27,5
DA:28,3
DA:29,3
DA:30,3
DA:31,2
DA:32,2
DA:35,1
DA:36,1
DA:38,2
DA:50,5
DA:51,5
DA:53,5
DA:54,5
DA:55,5
DA:56,5
DA:57,5
DA:58,1
DA:59,1
DA:62,4
DA:63,3
DA:65,2
DA:77,5
DA:78,2
DA:79,2
DA:80,1
DA:82,1
DA:97,5
DA:98,4
DA:99,4
DA:100,4
DA:101,2
DA:102,2
DA:105,2
DA:106,1
DA:108,3
DA:117,5
DA:118,2
DA:119,2
DA:120,1
DA:122,1
DA:126,5
LF:50
LH:50
BRDA:30,0,0,2
BRDA:30,0,1,1
BRDA:53,1,0,3
BRDA:53,1,1,2
BRDA:54,2,0,1
BRDA:54,2,1,4
BRDA:57,3,0,1
BRDA:57,3,1,4
BRDA:100,4,0,2
BRDA:100,4,1,2
BRF:10
BRH:10
end_of_record
TN:
SF:routes/users.js
FN:29,(anonymous_0)
FN:33,(anonymous_1)
FN:52,(anonymous_2)
FN:71,(anonymous_3)
FN:94,(anonymous_4)
FN:99,(anonymous_5)
FN:119,(anonymous_6)
FN:141,(anonymous_7)
FNF:8
FNH:8
FNDA:4,(anonymous_0)
FNDA:5,(anonymous_1)
FNDA:2,(anonymous_2)
FNDA:3,(anonymous_3)
FNDA:5,(anonymous_4)
FNDA:1,(anonymous_5)
FNDA:3,(anonymous_6)
FNDA:4,(anonymous_7)
DA:5,5
DA:7,5
DA:8,5
DA:9,5
DA:10,5
DA:11,5
DA:12,5
DA:13,5
DA:15,5
DA:29,5
DA:30,4
DA:31,4
DA:32,4
DA:33,5
DA:34,2
DA:37,2
DA:38,2
DA:39,2
DA:41,2
DA:52,5
DA:53,2
DA:54,2
DA:55,1
DA:57,1
DA:68,5
DA:72,3
DA:73,3
DA:74,2
DA:76,1
DA:91,5
DA:95,5
DA:96,5
DA:97,5
DA:98,5
DA:99,1
DA:100,1
DA:103,4
DA:104,3
DA:106,2
DA:116,5
DA:120,3
DA:121,3
DA:122,2
DA:124,1
DA:138,5
DA:142,4
DA:143,4
DA:144,4
DA:146,2
DA:148,2
DA:153,5
LF:51
LH:51
BRDA:32,0,0,2
BRDA:32,0,1,2
BRDA:98,1,0,1
BRDA:98,1,1,4
BRF:4
BRH:4
end_of_record
